2020-02-29 10:12:20.064  INFO 15048 --- [restartedMain] com.xp.glasses.GlassesApplication : Starting GlassesApplication on MrXiong with PID 15048 (D:\IdeaProject\glasses\target\classes started by Mrxiong in D:\IdeaProject\glasses)
2020-02-29 10:12:20.067  INFO 15048 --- [restartedMain] com.xp.glasses.GlassesApplication : The following profiles are active: local
2020-02-29 10:12:20.174  INFO 15048 --- [restartedMain] org.springframework.boot.devtools.env.DevToolsPropertyDefaultsPostProcessor : Devtools property defaults active! Set 'spring.devtools.add-properties' to 'false' to disable
2020-02-29 10:12:20.174  INFO 15048 --- [restartedMain] org.springframework.boot.devtools.env.DevToolsPropertyDefaultsPostProcessor : For additional web related logging consider setting the 'logging.level.web' property to 'DEBUG'
2020-02-29 10:12:22.872  INFO 15048 --- [restartedMain] org.springframework.boot.web.embedded.tomcat.TomcatWebServer : Tomcat initialized with port(s): 8443 (https) 9090 (http)
2020-02-29 10:12:22.906  INFO 15048 --- [restartedMain] org.apache.catalina.core.StandardService : Starting service [Tomcat]
2020-02-29 10:12:22.906  INFO 15048 --- [restartedMain] org.apache.catalina.core.StandardEngine : Starting Servlet engine: [Apache Tomcat/9.0.30]
2020-02-29 10:12:23.029  INFO 15048 --- [restartedMain] org.apache.catalina.core.ContainerBase.[Tomcat].[localhost].[/] : Initializing Spring embedded WebApplicationContext
2020-02-29 10:12:23.029  INFO 15048 --- [restartedMain] org.springframework.web.context.ContextLoader : Root WebApplicationContext: initialization completed in 2855 ms
2020-02-29 10:12:23.871  INFO 15048 --- [restartedMain] org.springframework.scheduling.concurrent.ThreadPoolTaskExecutor : Initializing ExecutorService 'applicationTaskExecutor'
2020-02-29 10:12:23.997  INFO 15048 --- [restartedMain] org.springframework.boot.autoconfigure.web.servlet.WelcomePageHandlerMapping : Adding welcome page template: index
2020-02-29 10:12:25.225  INFO 15048 --- [restartedMain] org.springframework.boot.devtools.autoconfigure.OptionalLiveReloadServer : LiveReload server is running on port 35729
2020-02-29 10:12:26.083  INFO 15048 --- [restartedMain] org.springframework.boot.web.embedded.tomcat.TomcatWebServer : Tomcat started on port(s): 8443 (https) 9090 (http) with context path ''
2020-02-29 10:12:26.084  INFO 15048 --- [restartedMain] com.xp.glasses.config.ServerConfig : 图片文件目录创建是否成功：true
2020-02-29 10:12:26.088  INFO 15048 --- [restartedMain] com.xp.glasses.GlassesApplication : Started GlassesApplication in 6.635 seconds (JVM running for 11.202)
2020-02-29 10:15:33.068  INFO 16036 --- [restartedMain] com.xp.glasses.GlassesApplication : Starting GlassesApplication on MrXiong with PID 16036 (D:\IdeaProject\glasses\target\classes started by Mrxiong in D:\IdeaProject\glasses)
2020-02-29 10:15:33.071  INFO 16036 --- [restartedMain] com.xp.glasses.GlassesApplication : The following profiles are active: local
2020-02-29 10:15:33.139  INFO 16036 --- [restartedMain] org.springframework.boot.devtools.env.DevToolsPropertyDefaultsPostProcessor : Devtools property defaults active! Set 'spring.devtools.add-properties' to 'false' to disable
2020-02-29 10:15:33.140  INFO 16036 --- [restartedMain] org.springframework.boot.devtools.env.DevToolsPropertyDefaultsPostProcessor : For additional web related logging consider setting the 'logging.level.web' property to 'DEBUG'
2020-02-29 10:15:34.428  INFO 16036 --- [restartedMain] org.springframework.boot.web.embedded.tomcat.TomcatWebServer : Tomcat initialized with port(s): 8443 (https) 9090 (http)
2020-02-29 10:15:34.446  INFO 16036 --- [restartedMain] org.apache.catalina.core.StandardService : Starting service [Tomcat]
2020-02-29 10:15:34.447  INFO 16036 --- [restartedMain] org.apache.catalina.core.StandardEngine : Starting Servlet engine: [Apache Tomcat/9.0.30]
2020-02-29 10:15:34.564  INFO 16036 --- [restartedMain] org.apache.catalina.core.ContainerBase.[Tomcat].[localhost].[/] : Initializing Spring embedded WebApplicationContext
2020-02-29 10:15:34.565  INFO 16036 --- [restartedMain] org.springframework.web.context.ContextLoader : Root WebApplicationContext: initialization completed in 1425 ms
2020-02-29 10:15:35.142  INFO 16036 --- [restartedMain] org.springframework.scheduling.concurrent.ThreadPoolTaskExecutor : Initializing ExecutorService 'applicationTaskExecutor'
2020-02-29 10:15:35.204  INFO 16036 --- [restartedMain] org.springframework.boot.autoconfigure.web.servlet.WelcomePageHandlerMapping : Adding welcome page template: index
2020-02-29 10:15:35.563  INFO 16036 --- [restartedMain] org.springframework.boot.devtools.autoconfigure.OptionalLiveReloadServer : LiveReload server is running on port 35729
2020-02-29 10:15:36.303  INFO 16036 --- [restartedMain] org.springframework.boot.web.embedded.tomcat.TomcatWebServer : Tomcat started on port(s): 8443 (https) 9090 (http) with context path ''
2020-02-29 10:15:36.303  INFO 16036 --- [restartedMain] com.xp.glasses.config.ServerConfig : 图片文件目录创建是否成功：true
2020-02-29 10:15:36.307  INFO 16036 --- [restartedMain] com.xp.glasses.GlassesApplication : Started GlassesApplication in 3.598 seconds (JVM running for 5.001)
2020-02-29 10:19:56.622  INFO 16036 --- [https-jsse-nio-8443-exec-2] org.apache.catalina.core.ContainerBase.[Tomcat].[localhost].[/] : Initializing Spring DispatcherServlet 'dispatcherServlet'
2020-02-29 10:19:56.622  INFO 16036 --- [https-jsse-nio-8443-exec-2] org.springframework.web.servlet.DispatcherServlet : Initializing Servlet 'dispatcherServlet'
2020-02-29 10:19:56.628  INFO 16036 --- [https-jsse-nio-8443-exec-2] org.springframework.web.servlet.DispatcherServlet : Completed initialization in 6 ms
2020-02-29 10:19:56.953  INFO 16036 --- [https-jsse-nio-8443-exec-10] com.alibaba.druid.pool.DruidDataSource : {dataSource-1} inited
2020-02-29 11:32:51.339 ERROR 16036 --- [https-jsse-nio-8443-exec-2] com.xp.glasses.web.GlobalExceptionHandler : 系统错误：null
2020-02-29 11:32:51.403  WARN 16036 --- [https-jsse-nio-8443-exec-2] org.springframework.web.servlet.mvc.method.annotation.ExceptionHandlerExceptionResolver : Resolved [java.lang.NullPointerException]
2020-02-29 11:33:33.339 ERROR 16036 --- [https-jsse-nio-8443-exec-9] com.xp.glasses.web.GlobalExceptionHandler : 系统错误：null
2020-02-29 11:33:33.341  WARN 16036 --- [https-jsse-nio-8443-exec-9] org.springframework.web.servlet.mvc.method.annotation.ExceptionHandlerExceptionResolver : Resolved [java.lang.NullPointerException]
2020-02-29 11:44:46.407 ERROR 16036 --- [https-jsse-nio-8443-exec-3] com.xp.glasses.web.GlobalExceptionHandler : 系统错误：null
2020-02-29 11:44:46.408  WARN 16036 --- [https-jsse-nio-8443-exec-3] org.springframework.web.servlet.mvc.method.annotation.ExceptionHandlerExceptionResolver : Resolved [java.lang.NullPointerException]
2020-02-29 20:08:32.479  INFO   --- [main] org.springframework.boot.test.context.SpringBootTestContextBootstrapper : Neither @ContextConfiguration nor @ContextHierarchy found for test class [com.xp.glasses.GlassesApplicationTests], using SpringBootContextLoader
2020-02-29 20:08:32.507  INFO   --- [main] org.springframework.test.context.support.AbstractContextLoader : Could not detect default resource locations for test class [com.xp.glasses.GlassesApplicationTests]: no resource found for suffixes {-context.xml, Context.groovy}.
2020-02-29 20:08:32.508  INFO   --- [main] org.springframework.test.context.support.AnnotationConfigContextLoaderUtils : Could not detect default configuration classes for test class [com.xp.glasses.GlassesApplicationTests]: GlassesApplicationTests does not declare any static, non-private, non-final, nested classes annotated with @Configuration.
2020-02-29 20:08:32.634  INFO   --- [main] org.springframework.boot.test.context.SpringBootTestContextBootstrapper : Found @SpringBootConfiguration com.xp.glasses.GlassesApplication for test class com.xp.glasses.GlassesApplicationTests
2020-02-29 20:08:32.728  INFO   --- [main] org.springframework.boot.test.context.SpringBootTestContextBootstrapper : Loaded default TestExecutionListener class names from location [META-INF/spring.factories]: [org.springframework.boot.test.mock.mockito.MockitoTestExecutionListener, org.springframework.boot.test.mock.mockito.ResetMocksTestExecutionListener, org.springframework.boot.test.autoconfigure.restdocs.RestDocsTestExecutionListener, org.springframework.boot.test.autoconfigure.web.client.MockRestServiceServerResetTestExecutionListener, org.springframework.boot.test.autoconfigure.web.servlet.MockMvcPrintOnlyOnFailureTestExecutionListener, org.springframework.boot.test.autoconfigure.web.servlet.WebDriverTestExecutionListener, org.springframework.test.context.web.ServletTestExecutionListener, org.springframework.test.context.support.DirtiesContextBeforeModesTestExecutionListener, org.springframework.test.context.support.DependencyInjectionTestExecutionListener, org.springframework.test.context.support.DirtiesContextTestExecutionListener, org.springframework.test.context.transaction.TransactionalTestExecutionListener, org.springframework.test.context.jdbc.SqlScriptsTestExecutionListener, org.springframework.test.context.event.EventPublishingTestExecutionListener]
2020-02-29 20:08:32.751  INFO   --- [main] org.springframework.boot.test.context.SpringBootTestContextBootstrapper : Using TestExecutionListeners: [org.springframework.test.context.web.ServletTestExecutionListener@7b993c65, org.springframework.test.context.support.DirtiesContextBeforeModesTestExecutionListener@37911f88, org.springframework.boot.test.mock.mockito.MockitoTestExecutionListener@6f1c29b7, org.springframework.boot.test.autoconfigure.SpringBootDependencyInjectionTestExecutionListener@4d6025c5, org.springframework.test.context.support.DirtiesContextTestExecutionListener@7f284218, org.springframework.test.context.transaction.TransactionalTestExecutionListener@407a7f2a, org.springframework.test.context.jdbc.SqlScriptsTestExecutionListener@4ea5b703, org.springframework.test.context.event.EventPublishingTestExecutionListener@2a7ed1f, org.springframework.boot.test.mock.mockito.ResetMocksTestExecutionListener@3fa247d1, org.springframework.boot.test.autoconfigure.restdocs.RestDocsTestExecutionListener@2cb2fc20, org.springframework.boot.test.autoconfigure.web.client.MockRestServiceServerResetTestExecutionListener@4f4c4b1a, org.springframework.boot.test.autoconfigure.web.servlet.MockMvcPrintOnlyOnFailureTestExecutionListener@723e88f9, org.springframework.boot.test.autoconfigure.web.servlet.WebDriverTestExecutionListener@5f0fd5a0]
2020-02-29 20:08:33.143  INFO 4368 --- [main] com.xp.glasses.GlassesApplicationTests : Starting GlassesApplicationTests on MrXiong with PID 4368 (started by Mrxiong in D:\IdeaProject\glasses)
2020-02-29 20:08:33.144  INFO 4368 --- [main] com.xp.glasses.GlassesApplicationTests : The following profiles are active: local
2020-02-29 20:08:35.598  INFO 4368 --- [main] org.springframework.scheduling.concurrent.ThreadPoolTaskExecutor : Initializing ExecutorService 'applicationTaskExecutor'
2020-02-29 20:08:35.707  INFO 4368 --- [main] org.springframework.boot.autoconfigure.web.servlet.WelcomePageHandlerMapping : Adding welcome page template: index
2020-02-29 20:08:35.996  INFO 4368 --- [main] com.xp.glasses.GlassesApplicationTests : Started GlassesApplicationTests in 3.203 seconds (JVM running for 4.455)
2020-02-29 20:08:36.331  INFO 4368 --- [SpringContextShutdownHook] org.springframework.scheduling.concurrent.ThreadPoolTaskExecutor : Shutting down ExecutorService 'applicationTaskExecutor'
2020-02-29 20:08:36.333  INFO 4368 --- [SpringContextShutdownHook] com.alibaba.druid.pool.DruidDataSource : {dataSource-0} closing ...
