2020-03-02 14:55:10.164  INFO 12176 --- [restartedMain] com.xp.glasses.GlassesApplication : Starting GlassesApplication on MrXiong with PID 12176 (D:\IdeaProject\glasses\target\classes started by Mrxiong in D:\IdeaProject\glasses)
2020-03-02 14:55:10.166  INFO 12176 --- [restartedMain] com.xp.glasses.GlassesApplication : The following profiles are active: local
2020-03-02 14:55:10.236  INFO 12176 --- [restartedMain] org.springframework.boot.devtools.env.DevToolsPropertyDefaultsPostProcessor : Devtools property defaults active! Set 'spring.devtools.add-properties' to 'false' to disable
2020-03-02 14:55:10.236  INFO 12176 --- [restartedMain] org.springframework.boot.devtools.env.DevToolsPropertyDefaultsPostProcessor : For additional web related logging consider setting the 'logging.level.web' property to 'DEBUG'
2020-03-02 14:55:13.952  INFO 12176 --- [restartedMain] org.springframework.boot.web.embedded.tomcat.TomcatWebServer : Tomcat initialized with port(s): 8443 (https) 9090 (http)
2020-03-02 14:55:13.970  INFO 12176 --- [restartedMain] org.apache.catalina.core.StandardService : Starting service [Tomcat]
2020-03-02 14:55:13.970  INFO 12176 --- [restartedMain] org.apache.catalina.core.StandardEngine : Starting Servlet engine: [Apache Tomcat/9.0.30]
2020-03-02 14:55:14.081  INFO 12176 --- [restartedMain] org.apache.catalina.core.ContainerBase.[Tomcat].[localhost].[/] : Initializing Spring embedded WebApplicationContext
2020-03-02 14:55:14.081  INFO 12176 --- [restartedMain] org.springframework.web.context.ContextLoader : Root WebApplicationContext: initialization completed in 3834 ms
2020-03-02 14:55:15.374  INFO 12176 --- [restartedMain] org.springframework.scheduling.concurrent.ThreadPoolTaskExecutor : Initializing ExecutorService 'applicationTaskExecutor'
2020-03-02 14:55:15.558  INFO 12176 --- [restartedMain] org.springframework.boot.autoconfigure.web.servlet.WelcomePageHandlerMapping : Adding welcome page template: index
2020-03-02 14:55:19.614  INFO 12176 --- [restartedMain] org.springframework.boot.devtools.autoconfigure.OptionalLiveReloadServer : LiveReload server is running on port 35729
2020-03-02 14:55:20.467  INFO 12176 --- [restartedMain] org.springframework.boot.web.embedded.tomcat.TomcatWebServer : Tomcat started on port(s): 8443 (https) 9090 (http) with context path ''
2020-03-02 14:55:20.469  INFO 12176 --- [restartedMain] com.xp.glasses.config.ServerConfig : 图片文件目录创建是否成功：true
2020-03-02 14:55:20.472  INFO 12176 --- [restartedMain] com.xp.glasses.GlassesApplication : Started GlassesApplication in 10.78 seconds (JVM running for 15.717)
2020-03-02 14:56:25.502  INFO 12176 --- [https-jsse-nio-8443-exec-7] org.apache.catalina.core.ContainerBase.[Tomcat].[localhost].[/] : Initializing Spring DispatcherServlet 'dispatcherServlet'
2020-03-02 14:56:25.503  INFO 12176 --- [https-jsse-nio-8443-exec-7] org.springframework.web.servlet.DispatcherServlet : Initializing Servlet 'dispatcherServlet'
2020-03-02 14:56:25.544  INFO 12176 --- [https-jsse-nio-8443-exec-7] org.springframework.web.servlet.DispatcherServlet : Completed initialization in 41 ms
2020-03-02 14:56:25.890  INFO 12176 --- [https-jsse-nio-8443-exec-7] com.alibaba.druid.pool.DruidDataSource : {dataSource-1} inited
2020-03-02 15:23:06.637  INFO 12176 --- [Thread-27] org.springframework.scheduling.concurrent.ThreadPoolTaskExecutor : Shutting down ExecutorService 'applicationTaskExecutor'
2020-03-02 15:23:06.638  INFO 12176 --- [Thread-27] com.alibaba.druid.pool.DruidDataSource : {dataSource-1} closing ...
2020-03-02 15:23:06.771  INFO 12176 --- [Thread-27] com.alibaba.druid.pool.DruidDataSource : {dataSource-1} closed
2020-03-02 15:23:08.252  INFO 12176 --- [restartedMain] com.xp.glasses.GlassesApplication : Starting GlassesApplication on MrXiong with PID 12176 (D:\IdeaProject\glasses\target\classes started by Mrxiong in D:\IdeaProject\glasses)
2020-03-02 15:23:08.252  INFO 12176 --- [restartedMain] com.xp.glasses.GlassesApplication : The following profiles are active: local
2020-03-02 15:23:09.017  INFO 12176 --- [restartedMain] org.springframework.boot.web.embedded.tomcat.TomcatWebServer : Tomcat initialized with port(s): 8443 (https) 9090 (http)
2020-03-02 15:23:09.019  INFO 12176 --- [restartedMain] org.apache.catalina.core.StandardService : Starting service [Tomcat]
2020-03-02 15:23:09.019  INFO 12176 --- [restartedMain] org.apache.catalina.core.StandardEngine : Starting Servlet engine: [Apache Tomcat/9.0.30]
2020-03-02 15:23:09.057  INFO 12176 --- [restartedMain] org.apache.catalina.core.ContainerBase.[Tomcat].[localhost].[/] : Initializing Spring embedded WebApplicationContext
2020-03-02 15:23:09.057  INFO 12176 --- [restartedMain] org.springframework.web.context.ContextLoader : Root WebApplicationContext: initialization completed in 802 ms
2020-03-02 15:23:09.363  INFO 12176 --- [restartedMain] org.springframework.scheduling.concurrent.ThreadPoolTaskExecutor : Initializing ExecutorService 'applicationTaskExecutor'
2020-03-02 15:23:09.384  INFO 12176 --- [restartedMain] org.springframework.boot.autoconfigure.web.servlet.WelcomePageHandlerMapping : Adding welcome page template: index
2020-03-02 15:23:09.657  INFO 12176 --- [restartedMain] org.springframework.boot.devtools.autoconfigure.OptionalLiveReloadServer : LiveReload server is running on port 35729
2020-03-02 15:23:09.930  INFO 12176 --- [restartedMain] org.springframework.boot.web.embedded.tomcat.TomcatWebServer : Tomcat started on port(s): 8443 (https) 9090 (http) with context path ''
2020-03-02 15:23:09.931  INFO 12176 --- [restartedMain] com.xp.glasses.config.ServerConfig : 图片文件目录创建是否成功：true
2020-03-02 15:23:09.931  INFO 12176 --- [restartedMain] com.xp.glasses.GlassesApplication : Started GlassesApplication in 1.779 seconds (JVM running for 1685.176)
2020-03-02 15:23:09.933  INFO 12176 --- [restartedMain] org.springframework.boot.devtools.autoconfigure.ConditionEvaluationDeltaLoggingListener : Condition evaluation unchanged
2020-03-02 15:23:10.243  INFO 12176 --- [https-jsse-nio-8443-exec-9] org.apache.catalina.core.ContainerBase.[Tomcat].[localhost].[/] : Initializing Spring DispatcherServlet 'dispatcherServlet'
2020-03-02 15:23:10.245  INFO 12176 --- [https-jsse-nio-8443-exec-9] org.springframework.web.servlet.DispatcherServlet : Initializing Servlet 'dispatcherServlet'
2020-03-02 15:23:10.250  INFO 12176 --- [https-jsse-nio-8443-exec-9] org.springframework.web.servlet.DispatcherServlet : Completed initialization in 5 ms
2020-03-02 15:23:10.266  INFO 12176 --- [https-jsse-nio-8443-exec-9] com.alibaba.druid.pool.DruidDataSource : {dataSource-2} inited
2020-03-02 20:47:22.621  INFO 17592 --- [restartedMain] com.xp.glasses.GlassesApplication : Starting GlassesApplication on MrXiong with PID 17592 (D:\IdeaProject\glasses\target\classes started by Mrxiong in D:\IdeaProject\glasses)
2020-03-02 20:47:22.648  INFO 17592 --- [restartedMain] com.xp.glasses.GlassesApplication : The following profiles are active: local
2020-03-02 20:47:22.806  INFO 17592 --- [restartedMain] org.springframework.boot.devtools.env.DevToolsPropertyDefaultsPostProcessor : Devtools property defaults active! Set 'spring.devtools.add-properties' to 'false' to disable
2020-03-02 20:47:22.806  INFO 17592 --- [restartedMain] org.springframework.boot.devtools.env.DevToolsPropertyDefaultsPostProcessor : For additional web related logging consider setting the 'logging.level.web' property to 'DEBUG'
2020-03-02 20:47:25.240  INFO 17592 --- [restartedMain] org.springframework.boot.web.embedded.tomcat.TomcatWebServer : Tomcat initialized with port(s): 8443 (https) 9090 (http)
2020-03-02 20:47:25.283  INFO 17592 --- [restartedMain] org.apache.catalina.core.StandardService : Starting service [Tomcat]
2020-03-02 20:47:25.283  INFO 17592 --- [restartedMain] org.apache.catalina.core.StandardEngine : Starting Servlet engine: [Apache Tomcat/9.0.30]
2020-03-02 20:47:25.414  INFO 17592 --- [restartedMain] org.apache.catalina.core.ContainerBase.[Tomcat].[localhost].[/] : Initializing Spring embedded WebApplicationContext
2020-03-02 20:47:25.414  INFO 17592 --- [restartedMain] org.springframework.web.context.ContextLoader : Root WebApplicationContext: initialization completed in 2607 ms
2020-03-02 20:47:26.770  INFO 17592 --- [restartedMain] org.springframework.scheduling.concurrent.ThreadPoolTaskExecutor : Initializing ExecutorService 'applicationTaskExecutor'
2020-03-02 20:47:26.910  INFO 17592 --- [restartedMain] org.springframework.boot.autoconfigure.web.servlet.WelcomePageHandlerMapping : Adding welcome page template: index
2020-03-02 20:47:28.224  INFO 17592 --- [restartedMain] org.springframework.boot.devtools.autoconfigure.OptionalLiveReloadServer : LiveReload server is running on port 35729
2020-03-02 20:47:29.059  INFO 17592 --- [restartedMain] org.springframework.boot.web.embedded.tomcat.TomcatWebServer : Tomcat started on port(s): 8443 (https) 9090 (http) with context path ''
2020-03-02 20:47:29.060  INFO 17592 --- [restartedMain] com.xp.glasses.config.ServerConfig : 图片文件目录创建是否成功：true
2020-03-02 20:47:29.063  INFO 17592 --- [restartedMain] com.xp.glasses.GlassesApplication : Started GlassesApplication in 7.046 seconds (JVM running for 10.694)
2020-03-02 20:47:52.041  INFO 17592 --- [https-jsse-nio-8443-exec-2] org.apache.catalina.core.ContainerBase.[Tomcat].[localhost].[/] : Initializing Spring DispatcherServlet 'dispatcherServlet'
2020-03-02 20:47:52.041  INFO 17592 --- [https-jsse-nio-8443-exec-2] org.springframework.web.servlet.DispatcherServlet : Initializing Servlet 'dispatcherServlet'
2020-03-02 20:47:52.047  INFO 17592 --- [https-jsse-nio-8443-exec-2] org.springframework.web.servlet.DispatcherServlet : Completed initialization in 6 ms
2020-03-02 20:47:52.266  INFO 17592 --- [https-jsse-nio-8443-exec-3] com.alibaba.druid.pool.DruidDataSource : {dataSource-1} inited
