2020-02-28 10:04:43.997  INFO   --- [main] org.springframework.boot.test.context.SpringBootTestContextBootstrapper : Neither @ContextConfiguration nor @ContextHierarchy found for test class [com.xp.glasses.GlassesApplicationTests], using SpringBootContextLoader
2020-02-28 10:04:44.003  INFO   --- [main] org.springframework.test.context.support.AbstractContextLoader : Could not detect default resource locations for test class [com.xp.glasses.GlassesApplicationTests]: no resource found for suffixes {-context.xml, Context.groovy}.
2020-02-28 10:04:44.004  INFO   --- [main] org.springframework.test.context.support.AnnotationConfigContextLoaderUtils : Could not detect default configuration classes for test class [com.xp.glasses.GlassesApplicationTests]: GlassesApplicationTests does not declare any static, non-private, non-final, nested classes annotated with @Configuration.
2020-02-28 10:04:44.084  INFO   --- [main] org.springframework.boot.test.context.SpringBootTestContextBootstrapper : Found @SpringBootConfiguration com.xp.glasses.GlassesApplication for test class com.xp.glasses.GlassesApplicationTests
2020-02-28 10:04:44.156  INFO   --- [main] org.springframework.boot.test.context.SpringBootTestContextBootstrapper : Loaded default TestExecutionListener class names from location [META-INF/spring.factories]: [org.springframework.boot.test.mock.mockito.MockitoTestExecutionListener, org.springframework.boot.test.mock.mockito.ResetMocksTestExecutionListener, org.springframework.boot.test.autoconfigure.restdocs.RestDocsTestExecutionListener, org.springframework.boot.test.autoconfigure.web.client.MockRestServiceServerResetTestExecutionListener, org.springframework.boot.test.autoconfigure.web.servlet.MockMvcPrintOnlyOnFailureTestExecutionListener, org.springframework.boot.test.autoconfigure.web.servlet.WebDriverTestExecutionListener, org.springframework.test.context.web.ServletTestExecutionListener, org.springframework.test.context.support.DirtiesContextBeforeModesTestExecutionListener, org.springframework.test.context.support.DependencyInjectionTestExecutionListener, org.springframework.test.context.support.DirtiesContextTestExecutionListener, org.springframework.test.context.transaction.TransactionalTestExecutionListener, org.springframework.test.context.jdbc.SqlScriptsTestExecutionListener, org.springframework.test.context.event.EventPublishingTestExecutionListener]
2020-02-28 10:04:44.171  INFO   --- [main] org.springframework.boot.test.context.SpringBootTestContextBootstrapper : Using TestExecutionListeners: [org.springframework.test.context.web.ServletTestExecutionListener@239105a8, org.springframework.test.context.support.DirtiesContextBeforeModesTestExecutionListener@3fce8fd9, org.springframework.boot.test.mock.mockito.MockitoTestExecutionListener@609bcfb6, org.springframework.boot.test.autoconfigure.SpringBootDependencyInjectionTestExecutionListener@7d94beb9, org.springframework.test.context.support.DirtiesContextTestExecutionListener@560348e6, org.springframework.test.context.transaction.TransactionalTestExecutionListener@1df8b5b8, org.springframework.test.context.jdbc.SqlScriptsTestExecutionListener@23202fce, org.springframework.test.context.event.EventPublishingTestExecutionListener@7b993c65, org.springframework.boot.test.mock.mockito.ResetMocksTestExecutionListener@37911f88, org.springframework.boot.test.autoconfigure.restdocs.RestDocsTestExecutionListener@6f1c29b7, org.springframework.boot.test.autoconfigure.web.client.MockRestServiceServerResetTestExecutionListener@4d6025c5, org.springframework.boot.test.autoconfigure.web.servlet.MockMvcPrintOnlyOnFailureTestExecutionListener@7f284218, org.springframework.boot.test.autoconfigure.web.servlet.WebDriverTestExecutionListener@407a7f2a]
2020-02-28 10:04:44.476  INFO 5740 --- [main] com.xp.glasses.GlassesApplicationTests : Starting GlassesApplicationTests on MrXiong with PID 5740 (started by Mrxiong in D:\IdeaProject\glasses)
2020-02-28 10:04:44.477  INFO 5740 --- [main] com.xp.glasses.GlassesApplicationTests : No active profile set, falling back to default profiles: default
2020-02-28 10:04:46.493  INFO 5740 --- [main] org.springframework.scheduling.concurrent.ThreadPoolTaskExecutor : Initializing ExecutorService 'applicationTaskExecutor'
2020-02-28 10:04:46.588  INFO 5740 --- [main] org.springframework.boot.autoconfigure.web.servlet.WelcomePageHandlerMapping : Adding welcome page template: index
2020-02-28 10:04:46.852  INFO 5740 --- [main] com.xp.glasses.GlassesApplicationTests : Started GlassesApplicationTests in 2.638 seconds (JVM running for 3.644)
2020-02-28 10:04:47.072  INFO 5740 --- [SpringContextShutdownHook] org.springframework.scheduling.concurrent.ThreadPoolTaskExecutor : Shutting down ExecutorService 'applicationTaskExecutor'
2020-02-28 10:04:47.074  INFO 5740 --- [SpringContextShutdownHook] com.alibaba.druid.pool.DruidDataSource : {dataSource-0} closing ...
2020-02-28 10:20:31.929  INFO 4808 --- [restartedMain] com.xp.glasses.GlassesApplication : Starting GlassesApplication on MrXiong with PID 4808 (D:\IdeaProject\glasses\target\classes started by Mrxiong in D:\IdeaProject\glasses)
2020-02-28 10:20:31.943  INFO 4808 --- [restartedMain] com.xp.glasses.GlassesApplication : No active profile set, falling back to default profiles: default
2020-02-28 10:20:32.051  INFO 4808 --- [restartedMain] org.springframework.boot.devtools.env.DevToolsPropertyDefaultsPostProcessor : Devtools property defaults active! Set 'spring.devtools.add-properties' to 'false' to disable
2020-02-28 10:20:32.052  INFO 4808 --- [restartedMain] org.springframework.boot.devtools.env.DevToolsPropertyDefaultsPostProcessor : For additional web related logging consider setting the 'logging.level.web' property to 'DEBUG'
2020-02-28 10:20:35.057  INFO 4808 --- [restartedMain] org.springframework.boot.web.embedded.tomcat.TomcatWebServer : Tomcat initialized with port(s): 443 (https) 80 (http)
2020-02-28 10:20:35.077  INFO 4808 --- [restartedMain] org.apache.catalina.core.StandardService : Starting service [Tomcat]
2020-02-28 10:20:35.077  INFO 4808 --- [restartedMain] org.apache.catalina.core.StandardEngine : Starting Servlet engine: [Apache Tomcat/9.0.30]
2020-02-28 10:20:35.381  INFO 4808 --- [restartedMain] org.apache.catalina.core.ContainerBase.[Tomcat].[localhost].[/] : Initializing Spring embedded WebApplicationContext
2020-02-28 10:20:35.381  INFO 4808 --- [restartedMain] org.springframework.web.context.ContextLoader : Root WebApplicationContext: initialization completed in 3329 ms
2020-02-28 10:20:36.548  INFO 4808 --- [restartedMain] org.springframework.scheduling.concurrent.ThreadPoolTaskExecutor : Initializing ExecutorService 'applicationTaskExecutor'
2020-02-28 10:20:36.644  INFO 4808 --- [restartedMain] org.springframework.boot.autoconfigure.web.servlet.WelcomePageHandlerMapping : Adding welcome page template: index
2020-02-28 10:20:37.118  INFO 4808 --- [restartedMain] org.springframework.boot.devtools.autoconfigure.OptionalLiveReloadServer : LiveReload server is running on port 35729
2020-02-28 10:20:37.154  INFO 4808 --- [restartedMain] org.apache.catalina.core.StandardService : Stopping service [Tomcat]
2020-02-28 10:20:37.203  INFO 4808 --- [restartedMain] org.springframework.boot.autoconfigure.logging.ConditionEvaluationReportLoggingListener : 

Error starting ApplicationContext. To display the conditions report re-run your application with 'debug' enabled.
2020-02-28 10:20:37.209 ERROR 4808 --- [restartedMain] org.springframework.boot.diagnostics.LoggingFailureAnalysisReporter : 

***************************
APPLICATION FAILED TO START
***************************

Description:

Web server failed to start. Port 443 was already in use.

Action:

Identify and stop the process that's listening on port 443 or configure this application to listen on another port.

2020-02-28 10:20:37.212  INFO 4808 --- [restartedMain] org.springframework.scheduling.concurrent.ThreadPoolTaskExecutor : Shutting down ExecutorService 'applicationTaskExecutor'
2020-02-28 10:20:37.213  INFO 4808 --- [restartedMain] com.alibaba.druid.pool.DruidDataSource : {dataSource-0} closing ...
2020-02-28 10:21:56.245  INFO 9876 --- [restartedMain] com.xp.glasses.GlassesApplication : Starting GlassesApplication on MrXiong with PID 9876 (D:\IdeaProject\glasses\target\classes started by Mrxiong in D:\IdeaProject\glasses)
2020-02-28 10:21:56.247  INFO 9876 --- [restartedMain] com.xp.glasses.GlassesApplication : No active profile set, falling back to default profiles: default
2020-02-28 10:21:56.288  INFO 9876 --- [restartedMain] org.springframework.boot.devtools.env.DevToolsPropertyDefaultsPostProcessor : Devtools property defaults active! Set 'spring.devtools.add-properties' to 'false' to disable
2020-02-28 10:21:56.288  INFO 9876 --- [restartedMain] org.springframework.boot.devtools.env.DevToolsPropertyDefaultsPostProcessor : For additional web related logging consider setting the 'logging.level.web' property to 'DEBUG'
2020-02-28 10:21:57.404  INFO 9876 --- [restartedMain] org.springframework.boot.web.embedded.tomcat.TomcatWebServer : Tomcat initialized with port(s): 443 (https) 80 (http)
2020-02-28 10:21:57.421  INFO 9876 --- [restartedMain] org.apache.catalina.core.StandardService : Starting service [Tomcat]
2020-02-28 10:21:57.422  INFO 9876 --- [restartedMain] org.apache.catalina.core.StandardEngine : Starting Servlet engine: [Apache Tomcat/9.0.30]
2020-02-28 10:21:57.579  INFO 9876 --- [restartedMain] org.apache.catalina.core.ContainerBase.[Tomcat].[localhost].[/] : Initializing Spring embedded WebApplicationContext
2020-02-28 10:21:57.579  INFO 9876 --- [restartedMain] org.springframework.web.context.ContextLoader : Root WebApplicationContext: initialization completed in 1291 ms
2020-02-28 10:21:58.120  INFO 9876 --- [restartedMain] org.springframework.scheduling.concurrent.ThreadPoolTaskExecutor : Initializing ExecutorService 'applicationTaskExecutor'
2020-02-28 10:21:58.182  INFO 9876 --- [restartedMain] org.springframework.boot.autoconfigure.web.servlet.WelcomePageHandlerMapping : Adding welcome page template: index
2020-02-28 10:21:58.539  INFO 9876 --- [restartedMain] org.springframework.boot.devtools.autoconfigure.OptionalLiveReloadServer : LiveReload server is running on port 35729
2020-02-28 10:21:58.559  INFO 9876 --- [restartedMain] org.apache.catalina.core.StandardService : Stopping service [Tomcat]
2020-02-28 10:21:58.570  INFO 9876 --- [restartedMain] org.springframework.boot.autoconfigure.logging.ConditionEvaluationReportLoggingListener : 

Error starting ApplicationContext. To display the conditions report re-run your application with 'debug' enabled.
2020-02-28 10:21:58.574 ERROR 9876 --- [restartedMain] org.springframework.boot.diagnostics.LoggingFailureAnalysisReporter : 

***************************
APPLICATION FAILED TO START
***************************

Description:

Web server failed to start. Port 443 was already in use.

Action:

Identify and stop the process that's listening on port 443 or configure this application to listen on another port.

2020-02-28 10:21:58.576  INFO 9876 --- [restartedMain] org.springframework.scheduling.concurrent.ThreadPoolTaskExecutor : Shutting down ExecutorService 'applicationTaskExecutor'
2020-02-28 10:21:58.577  INFO 9876 --- [restartedMain] com.alibaba.druid.pool.DruidDataSource : {dataSource-0} closing ...
2020-02-28 10:22:16.835  INFO   --- [main] org.springframework.boot.test.context.SpringBootTestContextBootstrapper : Neither @ContextConfiguration nor @ContextHierarchy found for test class [com.xp.glasses.GlassesApplicationTests], using SpringBootContextLoader
2020-02-28 10:22:16.841  INFO   --- [main] org.springframework.test.context.support.AbstractContextLoader : Could not detect default resource locations for test class [com.xp.glasses.GlassesApplicationTests]: no resource found for suffixes {-context.xml, Context.groovy}.
2020-02-28 10:22:16.842  INFO   --- [main] org.springframework.test.context.support.AnnotationConfigContextLoaderUtils : Could not detect default configuration classes for test class [com.xp.glasses.GlassesApplicationTests]: GlassesApplicationTests does not declare any static, non-private, non-final, nested classes annotated with @Configuration.
2020-02-28 10:22:16.938  INFO   --- [main] org.springframework.boot.test.context.SpringBootTestContextBootstrapper : Found @SpringBootConfiguration com.xp.glasses.GlassesApplication for test class com.xp.glasses.GlassesApplicationTests
2020-02-28 10:22:17.013  INFO   --- [main] org.springframework.boot.test.context.SpringBootTestContextBootstrapper : Loaded default TestExecutionListener class names from location [META-INF/spring.factories]: [org.springframework.boot.test.mock.mockito.MockitoTestExecutionListener, org.springframework.boot.test.mock.mockito.ResetMocksTestExecutionListener, org.springframework.boot.test.autoconfigure.restdocs.RestDocsTestExecutionListener, org.springframework.boot.test.autoconfigure.web.client.MockRestServiceServerResetTestExecutionListener, org.springframework.boot.test.autoconfigure.web.servlet.MockMvcPrintOnlyOnFailureTestExecutionListener, org.springframework.boot.test.autoconfigure.web.servlet.WebDriverTestExecutionListener, org.springframework.test.context.web.ServletTestExecutionListener, org.springframework.test.context.support.DirtiesContextBeforeModesTestExecutionListener, org.springframework.test.context.support.DependencyInjectionTestExecutionListener, org.springframework.test.context.support.DirtiesContextTestExecutionListener, org.springframework.test.context.transaction.TransactionalTestExecutionListener, org.springframework.test.context.jdbc.SqlScriptsTestExecutionListener, org.springframework.test.context.event.EventPublishingTestExecutionListener]
2020-02-28 10:22:17.026  INFO   --- [main] org.springframework.boot.test.context.SpringBootTestContextBootstrapper : Using TestExecutionListeners: [org.springframework.test.context.web.ServletTestExecutionListener@609bcfb6, org.springframework.test.context.support.DirtiesContextBeforeModesTestExecutionListener@7d94beb9, org.springframework.boot.test.mock.mockito.MockitoTestExecutionListener@560348e6, org.springframework.boot.test.autoconfigure.SpringBootDependencyInjectionTestExecutionListener@1df8b5b8, org.springframework.test.context.support.DirtiesContextTestExecutionListener@23202fce, org.springframework.test.context.transaction.TransactionalTestExecutionListener@7b993c65, org.springframework.test.context.jdbc.SqlScriptsTestExecutionListener@37911f88, org.springframework.test.context.event.EventPublishingTestExecutionListener@6f1c29b7, org.springframework.boot.test.mock.mockito.ResetMocksTestExecutionListener@4d6025c5, org.springframework.boot.test.autoconfigure.restdocs.RestDocsTestExecutionListener@7f284218, org.springframework.boot.test.autoconfigure.web.client.MockRestServiceServerResetTestExecutionListener@407a7f2a, org.springframework.boot.test.autoconfigure.web.servlet.MockMvcPrintOnlyOnFailureTestExecutionListener@4ea5b703, org.springframework.boot.test.autoconfigure.web.servlet.WebDriverTestExecutionListener@2a7ed1f]
2020-02-28 10:22:17.314  INFO 7348 --- [main] com.xp.glasses.GlassesApplicationTests : Starting GlassesApplicationTests on MrXiong with PID 7348 (started by Mrxiong in D:\IdeaProject\glasses)
2020-02-28 10:22:17.315  INFO 7348 --- [main] com.xp.glasses.GlassesApplicationTests : No active profile set, falling back to default profiles: default
2020-02-28 10:22:19.501  INFO 7348 --- [main] org.springframework.scheduling.concurrent.ThreadPoolTaskExecutor : Initializing ExecutorService 'applicationTaskExecutor'
2020-02-28 10:22:19.667  INFO 7348 --- [main] org.springframework.boot.autoconfigure.web.servlet.WelcomePageHandlerMapping : Adding welcome page template: index
2020-02-28 10:22:20.097  INFO 7348 --- [main] com.xp.glasses.GlassesApplicationTests : Started GlassesApplicationTests in 3.033 seconds (JVM running for 3.96)
2020-02-28 10:22:20.285  INFO 7348 --- [SpringContextShutdownHook] org.springframework.scheduling.concurrent.ThreadPoolTaskExecutor : Shutting down ExecutorService 'applicationTaskExecutor'
2020-02-28 10:22:20.287  INFO 7348 --- [SpringContextShutdownHook] com.alibaba.druid.pool.DruidDataSource : {dataSource-0} closing ...
2020-02-28 10:53:48.506  INFO 10124 --- [restartedMain] com.xp.glasses.GlassesApplication : Starting GlassesApplication on MrXiong with PID 10124 (D:\IdeaProject\glasses\target\classes started by Mrxiong in D:\IdeaProject\glasses)
2020-02-28 10:53:48.531  INFO 10124 --- [restartedMain] com.xp.glasses.GlassesApplication : No active profile set, falling back to default profiles: default
2020-02-28 10:53:48.605  INFO 10124 --- [restartedMain] org.springframework.boot.devtools.env.DevToolsPropertyDefaultsPostProcessor : Devtools property defaults active! Set 'spring.devtools.add-properties' to 'false' to disable
2020-02-28 10:53:48.606  INFO 10124 --- [restartedMain] org.springframework.boot.devtools.env.DevToolsPropertyDefaultsPostProcessor : For additional web related logging consider setting the 'logging.level.web' property to 'DEBUG'
2020-02-28 10:53:50.832  INFO 10124 --- [restartedMain] org.springframework.boot.web.embedded.tomcat.TomcatWebServer : Tomcat initialized with port(s): 443 (https) 80 (http)
2020-02-28 10:53:50.854  INFO 10124 --- [restartedMain] org.apache.catalina.core.StandardService : Starting service [Tomcat]
2020-02-28 10:53:50.855  INFO 10124 --- [restartedMain] org.apache.catalina.core.StandardEngine : Starting Servlet engine: [Apache Tomcat/9.0.30]
2020-02-28 10:53:51.004  INFO 10124 --- [restartedMain] org.apache.catalina.core.ContainerBase.[Tomcat].[localhost].[/] : Initializing Spring embedded WebApplicationContext
2020-02-28 10:53:51.005  INFO 10124 --- [restartedMain] org.springframework.web.context.ContextLoader : Root WebApplicationContext: initialization completed in 2399 ms
2020-02-28 10:53:51.810  INFO 10124 --- [restartedMain] org.springframework.scheduling.concurrent.ThreadPoolTaskExecutor : Initializing ExecutorService 'applicationTaskExecutor'
2020-02-28 10:53:51.894  INFO 10124 --- [restartedMain] org.springframework.boot.autoconfigure.web.servlet.WelcomePageHandlerMapping : Adding welcome page template: index
2020-02-28 10:53:53.330  INFO 10124 --- [restartedMain] org.springframework.boot.devtools.autoconfigure.OptionalLiveReloadServer : LiveReload server is running on port 35729
2020-02-28 10:53:53.354  INFO 10124 --- [restartedMain] org.apache.catalina.core.StandardService : Stopping service [Tomcat]
2020-02-28 10:53:53.394  INFO 10124 --- [restartedMain] org.springframework.boot.autoconfigure.logging.ConditionEvaluationReportLoggingListener : 

Error starting ApplicationContext. To display the conditions report re-run your application with 'debug' enabled.
2020-02-28 10:53:53.398 ERROR 10124 --- [restartedMain] org.springframework.boot.diagnostics.LoggingFailureAnalysisReporter : 

***************************
APPLICATION FAILED TO START
***************************

Description:

Web server failed to start. Port 443 was already in use.

Action:

Identify and stop the process that's listening on port 443 or configure this application to listen on another port.

2020-02-28 10:53:53.401  INFO 10124 --- [restartedMain] org.springframework.scheduling.concurrent.ThreadPoolTaskExecutor : Shutting down ExecutorService 'applicationTaskExecutor'
2020-02-28 10:53:53.401  INFO 10124 --- [restartedMain] com.alibaba.druid.pool.DruidDataSource : {dataSource-0} closing ...
2020-02-28 10:54:18.904  INFO 11172 --- [restartedMain] com.xp.glasses.GlassesApplication : Starting GlassesApplication on MrXiong with PID 11172 (D:\IdeaProject\glasses\target\classes started by Mrxiong in D:\IdeaProject\glasses)
2020-02-28 10:54:18.906  INFO 11172 --- [restartedMain] com.xp.glasses.GlassesApplication : No active profile set, falling back to default profiles: default
2020-02-28 10:54:18.949  INFO 11172 --- [restartedMain] org.springframework.boot.devtools.env.DevToolsPropertyDefaultsPostProcessor : Devtools property defaults active! Set 'spring.devtools.add-properties' to 'false' to disable
2020-02-28 10:54:18.949  INFO 11172 --- [restartedMain] org.springframework.boot.devtools.env.DevToolsPropertyDefaultsPostProcessor : For additional web related logging consider setting the 'logging.level.web' property to 'DEBUG'
2020-02-28 10:54:20.076  INFO 11172 --- [restartedMain] org.springframework.boot.web.embedded.tomcat.TomcatWebServer : Tomcat initialized with port(s): 8443 (https) 80 (http)
2020-02-28 10:54:20.092  INFO 11172 --- [restartedMain] org.apache.catalina.core.StandardService : Starting service [Tomcat]
2020-02-28 10:54:20.093  INFO 11172 --- [restartedMain] org.apache.catalina.core.StandardEngine : Starting Servlet engine: [Apache Tomcat/9.0.30]
2020-02-28 10:54:20.211  INFO 11172 --- [restartedMain] org.apache.catalina.core.ContainerBase.[Tomcat].[localhost].[/] : Initializing Spring embedded WebApplicationContext
2020-02-28 10:54:20.212  INFO 11172 --- [restartedMain] org.springframework.web.context.ContextLoader : Root WebApplicationContext: initialization completed in 1263 ms
2020-02-28 10:54:20.746  INFO 11172 --- [restartedMain] org.springframework.scheduling.concurrent.ThreadPoolTaskExecutor : Initializing ExecutorService 'applicationTaskExecutor'
2020-02-28 10:54:20.805  INFO 11172 --- [restartedMain] org.springframework.boot.autoconfigure.web.servlet.WelcomePageHandlerMapping : Adding welcome page template: index
2020-02-28 10:54:21.145  INFO 11172 --- [restartedMain] org.springframework.boot.devtools.autoconfigure.OptionalLiveReloadServer : LiveReload server is running on port 35729
2020-02-28 10:54:22.072  INFO 11172 --- [restartedMain] org.springframework.boot.web.embedded.tomcat.TomcatWebServer : Tomcat started on port(s): 8443 (https) 80 (http) with context path ''
2020-02-28 10:54:22.073  INFO 11172 --- [restartedMain] com.xp.glasses.config.ServerConfig : 图片文件目录创建是否成功：true
2020-02-28 10:54:22.076  INFO 11172 --- [restartedMain] com.xp.glasses.GlassesApplication : Started GlassesApplication in 3.506 seconds (JVM running for 4.863)
2020-02-28 10:54:37.771  INFO 11172 --- [http-nio-80-exec-1] org.apache.coyote.http11.Http11Processor : Error parsing HTTP request header
 Note: further occurrences of HTTP request parsing errors will be logged at DEBUG level.

java.lang.IllegalArgumentException: Invalid character found in method name. HTTP method names must be tokens
	at org.apache.coyote.http11.Http11InputBuffer.parseRequestLine(Http11InputBuffer.java:415)
	at org.apache.coyote.http11.Http11Processor.service(Http11Processor.java:260)
	at org.apache.coyote.AbstractProcessorLight.process(AbstractProcessorLight.java:65)
	at org.apache.coyote.AbstractProtocol$ConnectionHandler.process(AbstractProtocol.java:860)
	at org.apache.tomcat.util.net.NioEndpoint$SocketProcessor.doRun(NioEndpoint.java:1598)
	at org.apache.tomcat.util.net.SocketProcessorBase.run(SocketProcessorBase.java:49)
	at java.util.concurrent.ThreadPoolExecutor.runWorker(ThreadPoolExecutor.java:1149)
	at java.util.concurrent.ThreadPoolExecutor$Worker.run(ThreadPoolExecutor.java:624)
	at org.apache.tomcat.util.threads.TaskThread$WrappingRunnable.run(TaskThread.java:61)
	at java.lang.Thread.run(Thread.java:748)

2020-02-28 10:54:37.878  INFO 11172 --- [https-jsse-nio-8443-exec-8] org.apache.catalina.core.ContainerBase.[Tomcat].[localhost].[/] : Initializing Spring DispatcherServlet 'dispatcherServlet'
2020-02-28 10:54:37.878  INFO 11172 --- [https-jsse-nio-8443-exec-8] org.springframework.web.servlet.DispatcherServlet : Initializing Servlet 'dispatcherServlet'
2020-02-28 10:54:37.883  INFO 11172 --- [https-jsse-nio-8443-exec-8] org.springframework.web.servlet.DispatcherServlet : Completed initialization in 5 ms
2020-02-28 10:54:45.461  INFO 11172 --- [https-jsse-nio-8443-exec-4] com.alibaba.druid.pool.DruidDataSource : {dataSource-1} inited
2020-02-28 10:58:48.848  INFO 22320 --- [restartedMain] com.xp.glasses.GlassesApplication : Starting GlassesApplication on MrXiong with PID 22320 (D:\IdeaProject\glasses\target\classes started by Mrxiong in D:\IdeaProject\glasses)
2020-02-28 10:58:48.851  INFO 22320 --- [restartedMain] com.xp.glasses.GlassesApplication : No active profile set, falling back to default profiles: default
2020-02-28 10:58:48.927  INFO 22320 --- [restartedMain] org.springframework.boot.devtools.env.DevToolsPropertyDefaultsPostProcessor : Devtools property defaults active! Set 'spring.devtools.add-properties' to 'false' to disable
2020-02-28 10:58:48.927  INFO 22320 --- [restartedMain] org.springframework.boot.devtools.env.DevToolsPropertyDefaultsPostProcessor : For additional web related logging consider setting the 'logging.level.web' property to 'DEBUG'
2020-02-28 10:58:51.018  INFO 22320 --- [restartedMain] org.springframework.boot.web.embedded.tomcat.TomcatWebServer : Tomcat initialized with port(s): 8443 (https) 8443 (http)
2020-02-28 10:58:51.045  INFO 22320 --- [restartedMain] org.apache.catalina.core.StandardService : Starting service [Tomcat]
2020-02-28 10:58:51.045  INFO 22320 --- [restartedMain] org.apache.catalina.core.StandardEngine : Starting Servlet engine: [Apache Tomcat/9.0.30]
2020-02-28 10:58:51.492  INFO 22320 --- [restartedMain] org.apache.catalina.core.ContainerBase.[Tomcat].[localhost].[/] : Initializing Spring embedded WebApplicationContext
2020-02-28 10:58:51.492  INFO 22320 --- [restartedMain] org.springframework.web.context.ContextLoader : Root WebApplicationContext: initialization completed in 2565 ms
2020-02-28 10:58:52.333  INFO 22320 --- [restartedMain] org.springframework.scheduling.concurrent.ThreadPoolTaskExecutor : Initializing ExecutorService 'applicationTaskExecutor'
2020-02-28 10:58:52.395  INFO 22320 --- [restartedMain] org.springframework.boot.autoconfigure.web.servlet.WelcomePageHandlerMapping : Adding welcome page template: index
2020-02-28 10:58:52.743  INFO 22320 --- [restartedMain] org.springframework.boot.devtools.autoconfigure.OptionalLiveReloadServer : LiveReload server is running on port 35729
2020-02-28 10:58:52.764  INFO 22320 --- [restartedMain] org.apache.catalina.core.StandardService : Stopping service [Tomcat]
2020-02-28 10:58:52.824  INFO 22320 --- [restartedMain] org.springframework.boot.autoconfigure.logging.ConditionEvaluationReportLoggingListener : 

Error starting ApplicationContext. To display the conditions report re-run your application with 'debug' enabled.
2020-02-28 10:58:52.852 ERROR 22320 --- [restartedMain] org.springframework.boot.diagnostics.LoggingFailureAnalysisReporter : 

***************************
APPLICATION FAILED TO START
***************************

Description:

Web server failed to start. Port 8443 was already in use.

Action:

Identify and stop the process that's listening on port 8443 or configure this application to listen on another port.

2020-02-28 10:58:52.855  INFO 22320 --- [restartedMain] org.springframework.scheduling.concurrent.ThreadPoolTaskExecutor : Shutting down ExecutorService 'applicationTaskExecutor'
2020-02-28 10:58:52.856  INFO 22320 --- [restartedMain] com.alibaba.druid.pool.DruidDataSource : {dataSource-0} closing ...
2020-02-28 11:03:15.046  INFO 852 --- [restartedMain] com.xp.glasses.GlassesApplication : Starting GlassesApplication on MrXiong with PID 852 (D:\IdeaProject\glasses\target\classes started by Mrxiong in D:\IdeaProject\glasses)
2020-02-28 11:03:15.048  INFO 852 --- [restartedMain] com.xp.glasses.GlassesApplication : No active profile set, falling back to default profiles: default
2020-02-28 11:03:15.089  INFO 852 --- [restartedMain] org.springframework.boot.devtools.env.DevToolsPropertyDefaultsPostProcessor : Devtools property defaults active! Set 'spring.devtools.add-properties' to 'false' to disable
2020-02-28 11:03:15.089  INFO 852 --- [restartedMain] org.springframework.boot.devtools.env.DevToolsPropertyDefaultsPostProcessor : For additional web related logging consider setting the 'logging.level.web' property to 'DEBUG'
2020-02-28 11:03:16.221  INFO 852 --- [restartedMain] org.springframework.boot.web.embedded.tomcat.TomcatWebServer : Tomcat initialized with port(s): 8443 (https) 8443 (http)
2020-02-28 11:03:16.238  INFO 852 --- [restartedMain] org.apache.catalina.core.StandardService : Starting service [Tomcat]
2020-02-28 11:03:16.238  INFO 852 --- [restartedMain] org.apache.catalina.core.StandardEngine : Starting Servlet engine: [Apache Tomcat/9.0.30]
2020-02-28 11:03:16.363  INFO 852 --- [restartedMain] org.apache.catalina.core.ContainerBase.[Tomcat].[localhost].[/] : Initializing Spring embedded WebApplicationContext
2020-02-28 11:03:16.364  INFO 852 --- [restartedMain] org.springframework.web.context.ContextLoader : Root WebApplicationContext: initialization completed in 1275 ms
2020-02-28 11:03:16.918  INFO 852 --- [restartedMain] org.springframework.scheduling.concurrent.ThreadPoolTaskExecutor : Initializing ExecutorService 'applicationTaskExecutor'
2020-02-28 11:03:16.979  INFO 852 --- [restartedMain] org.springframework.boot.autoconfigure.web.servlet.WelcomePageHandlerMapping : Adding welcome page template: index
2020-02-28 11:03:17.322  INFO 852 --- [restartedMain] org.springframework.boot.devtools.autoconfigure.OptionalLiveReloadServer : LiveReload server is running on port 35729
2020-02-28 11:03:17.343  INFO 852 --- [restartedMain] org.apache.catalina.core.StandardService : Stopping service [Tomcat]
2020-02-28 11:03:17.355  INFO 852 --- [restartedMain] org.springframework.boot.autoconfigure.logging.ConditionEvaluationReportLoggingListener : 

Error starting ApplicationContext. To display the conditions report re-run your application with 'debug' enabled.
2020-02-28 11:03:17.359 ERROR 852 --- [restartedMain] org.springframework.boot.diagnostics.LoggingFailureAnalysisReporter : 

***************************
APPLICATION FAILED TO START
***************************

Description:

Web server failed to start. Port 8443 was already in use.

Action:

Identify and stop the process that's listening on port 8443 or configure this application to listen on another port.

2020-02-28 11:03:17.362  INFO 852 --- [restartedMain] org.springframework.scheduling.concurrent.ThreadPoolTaskExecutor : Shutting down ExecutorService 'applicationTaskExecutor'
2020-02-28 11:03:17.362  INFO 852 --- [restartedMain] com.alibaba.druid.pool.DruidDataSource : {dataSource-0} closing ...
2020-02-28 11:03:51.457  INFO 13720 --- [restartedMain] com.xp.glasses.GlassesApplication : Starting GlassesApplication on MrXiong with PID 13720 (D:\IdeaProject\glasses\target\classes started by Mrxiong in D:\IdeaProject\glasses)
2020-02-28 11:03:51.459  INFO 13720 --- [restartedMain] com.xp.glasses.GlassesApplication : No active profile set, falling back to default profiles: default
2020-02-28 11:03:51.499  INFO 13720 --- [restartedMain] org.springframework.boot.devtools.env.DevToolsPropertyDefaultsPostProcessor : Devtools property defaults active! Set 'spring.devtools.add-properties' to 'false' to disable
2020-02-28 11:03:51.499  INFO 13720 --- [restartedMain] org.springframework.boot.devtools.env.DevToolsPropertyDefaultsPostProcessor : For additional web related logging consider setting the 'logging.level.web' property to 'DEBUG'
2020-02-28 11:03:52.623  INFO 13720 --- [restartedMain] org.springframework.boot.web.embedded.tomcat.TomcatWebServer : Tomcat initialized with port(s): 8443 (https) 80 (http)
2020-02-28 11:03:52.640  INFO 13720 --- [restartedMain] org.apache.catalina.core.StandardService : Starting service [Tomcat]
2020-02-28 11:03:52.640  INFO 13720 --- [restartedMain] org.apache.catalina.core.StandardEngine : Starting Servlet engine: [Apache Tomcat/9.0.30]
2020-02-28 11:03:52.763  INFO 13720 --- [restartedMain] org.apache.catalina.core.ContainerBase.[Tomcat].[localhost].[/] : Initializing Spring embedded WebApplicationContext
2020-02-28 11:03:52.763  INFO 13720 --- [restartedMain] org.springframework.web.context.ContextLoader : Root WebApplicationContext: initialization completed in 1263 ms
2020-02-28 11:03:53.291  INFO 13720 --- [restartedMain] org.springframework.scheduling.concurrent.ThreadPoolTaskExecutor : Initializing ExecutorService 'applicationTaskExecutor'
2020-02-28 11:03:53.355  INFO 13720 --- [restartedMain] org.springframework.boot.autoconfigure.web.servlet.WelcomePageHandlerMapping : Adding welcome page template: index
2020-02-28 11:03:53.693  INFO 13720 --- [restartedMain] org.springframework.boot.devtools.autoconfigure.OptionalLiveReloadServer : LiveReload server is running on port 35729
2020-02-28 11:03:54.856  INFO 13720 --- [restartedMain] org.springframework.boot.web.embedded.tomcat.TomcatWebServer : Tomcat started on port(s): 8443 (https) 80 (http) with context path ''
2020-02-28 11:03:54.857  INFO 13720 --- [restartedMain] com.xp.glasses.config.ServerConfig : 图片文件目录创建是否成功：true
2020-02-28 11:03:54.862  INFO 13720 --- [restartedMain] com.xp.glasses.GlassesApplication : Started GlassesApplication in 3.717 seconds (JVM running for 5.063)
2020-02-28 11:21:58.179  INFO 8704 --- [restartedMain] com.xp.glasses.GlassesApplication : Starting GlassesApplication on MrXiong with PID 8704 (D:\IdeaProject\glasses\target\classes started by Mrxiong in D:\IdeaProject\glasses)
2020-02-28 11:21:58.181  INFO 8704 --- [restartedMain] com.xp.glasses.GlassesApplication : The following profiles are active: local
2020-02-28 11:21:58.225  INFO 8704 --- [restartedMain] org.springframework.boot.devtools.env.DevToolsPropertyDefaultsPostProcessor : Devtools property defaults active! Set 'spring.devtools.add-properties' to 'false' to disable
2020-02-28 11:21:58.225  INFO 8704 --- [restartedMain] org.springframework.boot.devtools.env.DevToolsPropertyDefaultsPostProcessor : For additional web related logging consider setting the 'logging.level.web' property to 'DEBUG'
2020-02-28 11:21:59.600  INFO 8704 --- [restartedMain] org.springframework.boot.web.embedded.tomcat.TomcatWebServer : Tomcat initialized with port(s): 8443 (https) 8080 (http)
2020-02-28 11:21:59.618  INFO 8704 --- [restartedMain] org.apache.catalina.core.StandardService : Starting service [Tomcat]
2020-02-28 11:21:59.618  INFO 8704 --- [restartedMain] org.apache.catalina.core.StandardEngine : Starting Servlet engine: [Apache Tomcat/9.0.30]
2020-02-28 11:21:59.799  INFO 8704 --- [restartedMain] org.apache.catalina.core.ContainerBase.[Tomcat].[localhost].[/] : Initializing Spring embedded WebApplicationContext
2020-02-28 11:21:59.800  INFO 8704 --- [restartedMain] org.springframework.web.context.ContextLoader : Root WebApplicationContext: initialization completed in 1575 ms
2020-02-28 11:22:00.382  INFO 8704 --- [restartedMain] org.springframework.scheduling.concurrent.ThreadPoolTaskExecutor : Initializing ExecutorService 'applicationTaskExecutor'
2020-02-28 11:22:00.443  INFO 8704 --- [restartedMain] org.springframework.boot.autoconfigure.web.servlet.WelcomePageHandlerMapping : Adding welcome page template: index
2020-02-28 11:22:00.784  INFO 8704 --- [restartedMain] org.springframework.boot.devtools.autoconfigure.OptionalLiveReloadServer : LiveReload server is running on port 35729
2020-02-28 11:22:01.570  INFO 8704 --- [restartedMain] org.springframework.boot.web.embedded.tomcat.TomcatWebServer : Tomcat started on port(s): 8443 (https) 8080 (http) with context path ''
2020-02-28 11:22:01.571  INFO 8704 --- [restartedMain] com.xp.glasses.config.ServerConfig : 图片文件目录创建是否成功：true
2020-02-28 11:22:01.576  INFO 8704 --- [restartedMain] com.xp.glasses.GlassesApplication : Started GlassesApplication in 3.718 seconds (JVM running for 5.316)
2020-02-28 11:22:35.307  INFO 5000 --- [restartedMain] com.xp.glasses.GlassesApplication : Starting GlassesApplication on MrXiong with PID 5000 (D:\IdeaProject\glasses\target\classes started by Mrxiong in D:\IdeaProject\glasses)
2020-02-28 11:22:35.309  INFO 5000 --- [restartedMain] com.xp.glasses.GlassesApplication : The following profiles are active: local
2020-02-28 11:22:35.370  INFO 5000 --- [restartedMain] org.springframework.boot.devtools.env.DevToolsPropertyDefaultsPostProcessor : Devtools property defaults active! Set 'spring.devtools.add-properties' to 'false' to disable
2020-02-28 11:22:35.370  INFO 5000 --- [restartedMain] org.springframework.boot.devtools.env.DevToolsPropertyDefaultsPostProcessor : For additional web related logging consider setting the 'logging.level.web' property to 'DEBUG'
2020-02-28 11:22:36.493  INFO 5000 --- [restartedMain] org.springframework.boot.web.embedded.tomcat.TomcatWebServer : Tomcat initialized with port(s): 8443 (https) 8080 (http)
2020-02-28 11:22:36.510  INFO 5000 --- [restartedMain] org.apache.catalina.core.StandardService : Starting service [Tomcat]
2020-02-28 11:22:36.510  INFO 5000 --- [restartedMain] org.apache.catalina.core.StandardEngine : Starting Servlet engine: [Apache Tomcat/9.0.30]
2020-02-28 11:22:36.635  INFO 5000 --- [restartedMain] org.apache.catalina.core.ContainerBase.[Tomcat].[localhost].[/] : Initializing Spring embedded WebApplicationContext
2020-02-28 11:22:36.635  INFO 5000 --- [restartedMain] org.springframework.web.context.ContextLoader : Root WebApplicationContext: initialization completed in 1265 ms
2020-02-28 11:22:37.183  INFO 5000 --- [restartedMain] org.springframework.scheduling.concurrent.ThreadPoolTaskExecutor : Initializing ExecutorService 'applicationTaskExecutor'
2020-02-28 11:22:37.246  INFO 5000 --- [restartedMain] org.springframework.boot.autoconfigure.web.servlet.WelcomePageHandlerMapping : Adding welcome page template: index
2020-02-28 11:22:37.587  INFO 5000 --- [restartedMain] org.springframework.boot.devtools.autoconfigure.OptionalLiveReloadServer : LiveReload server is running on port 35729
2020-02-28 11:22:38.348  INFO 5000 --- [restartedMain] org.springframework.boot.web.embedded.tomcat.TomcatWebServer : Tomcat started on port(s): 8443 (https) 8080 (http) with context path ''
2020-02-28 11:22:38.349  INFO 5000 --- [restartedMain] com.xp.glasses.config.ServerConfig : 图片文件目录创建是否成功：true
2020-02-28 11:22:38.352  INFO 5000 --- [restartedMain] com.xp.glasses.GlassesApplication : Started GlassesApplication in 3.413 seconds (JVM running for 4.718)
2020-02-28 11:22:47.539  INFO 5000 --- [https-jsse-nio-8443-exec-8] org.apache.catalina.core.ContainerBase.[Tomcat].[localhost].[/] : Initializing Spring DispatcherServlet 'dispatcherServlet'
2020-02-28 11:22:47.540  INFO 5000 --- [https-jsse-nio-8443-exec-8] org.springframework.web.servlet.DispatcherServlet : Initializing Servlet 'dispatcherServlet'
2020-02-28 11:22:47.661  INFO 5000 --- [https-jsse-nio-8443-exec-8] org.springframework.web.servlet.DispatcherServlet : Completed initialization in 121 ms
2020-02-28 11:22:52.679  INFO 5000 --- [https-jsse-nio-8443-exec-2] com.alibaba.druid.pool.DruidDataSource : {dataSource-1} inited
2020-02-28 11:24:38.379  INFO 19784 --- [restartedMain] com.xp.glasses.GlassesApplication : Starting GlassesApplication on MrXiong with PID 19784 (D:\IdeaProject\glasses\target\classes started by Mrxiong in D:\IdeaProject\glasses)
2020-02-28 11:24:38.382  INFO 19784 --- [restartedMain] com.xp.glasses.GlassesApplication : The following profiles are active: local
2020-02-28 11:24:38.461  INFO 19784 --- [restartedMain] org.springframework.boot.devtools.env.DevToolsPropertyDefaultsPostProcessor : Devtools property defaults active! Set 'spring.devtools.add-properties' to 'false' to disable
2020-02-28 11:24:38.461  INFO 19784 --- [restartedMain] org.springframework.boot.devtools.env.DevToolsPropertyDefaultsPostProcessor : For additional web related logging consider setting the 'logging.level.web' property to 'DEBUG'
2020-02-28 11:24:39.548  INFO 19784 --- [restartedMain] org.springframework.boot.web.embedded.tomcat.TomcatWebServer : Tomcat initialized with port(s): 8443 (https) 8080 (http)
2020-02-28 11:24:39.565  INFO 19784 --- [restartedMain] org.apache.catalina.core.StandardService : Starting service [Tomcat]
2020-02-28 11:24:39.566  INFO 19784 --- [restartedMain] org.apache.catalina.core.StandardEngine : Starting Servlet engine: [Apache Tomcat/9.0.30]
2020-02-28 11:24:39.686  INFO 19784 --- [restartedMain] org.apache.catalina.core.ContainerBase.[Tomcat].[localhost].[/] : Initializing Spring embedded WebApplicationContext
2020-02-28 11:24:39.686  INFO 19784 --- [restartedMain] org.springframework.web.context.ContextLoader : Root WebApplicationContext: initialization completed in 1225 ms
2020-02-28 11:24:40.228  INFO 19784 --- [restartedMain] org.springframework.scheduling.concurrent.ThreadPoolTaskExecutor : Initializing ExecutorService 'applicationTaskExecutor'
2020-02-28 11:24:40.289  INFO 19784 --- [restartedMain] org.springframework.boot.autoconfigure.web.servlet.WelcomePageHandlerMapping : Adding welcome page template: index
2020-02-28 11:24:40.637  INFO 19784 --- [restartedMain] org.springframework.boot.devtools.autoconfigure.OptionalLiveReloadServer : LiveReload server is running on port 35729
2020-02-28 11:24:41.475  INFO 19784 --- [restartedMain] org.springframework.boot.web.embedded.tomcat.TomcatWebServer : Tomcat started on port(s): 8443 (https) 8080 (http) with context path ''
2020-02-28 11:24:41.476  INFO 19784 --- [restartedMain] com.xp.glasses.config.ServerConfig : 图片文件目录创建是否成功：true
2020-02-28 11:24:41.479  INFO 19784 --- [restartedMain] com.xp.glasses.GlassesApplication : Started GlassesApplication in 3.472 seconds (JVM running for 4.984)
2020-02-28 11:24:59.292  INFO 19784 --- [https-jsse-nio-8443-exec-8] org.apache.catalina.core.ContainerBase.[Tomcat].[localhost].[/] : Initializing Spring DispatcherServlet 'dispatcherServlet'
2020-02-28 11:24:59.292  INFO 19784 --- [https-jsse-nio-8443-exec-8] org.springframework.web.servlet.DispatcherServlet : Initializing Servlet 'dispatcherServlet'
2020-02-28 11:24:59.298  INFO 19784 --- [https-jsse-nio-8443-exec-8] org.springframework.web.servlet.DispatcherServlet : Completed initialization in 5 ms
2020-02-28 11:24:59.768  INFO 19784 --- [https-jsse-nio-8443-exec-5] com.alibaba.druid.pool.DruidDataSource : {dataSource-1} inited
2020-02-28 11:29:48.641  INFO   --- [main] org.springframework.boot.test.context.SpringBootTestContextBootstrapper : Neither @ContextConfiguration nor @ContextHierarchy found for test class [com.xp.glasses.GlassesApplicationTests], using SpringBootContextLoader
2020-02-28 11:29:48.647  INFO   --- [main] org.springframework.test.context.support.AbstractContextLoader : Could not detect default resource locations for test class [com.xp.glasses.GlassesApplicationTests]: no resource found for suffixes {-context.xml, Context.groovy}.
2020-02-28 11:29:48.648  INFO   --- [main] org.springframework.test.context.support.AnnotationConfigContextLoaderUtils : Could not detect default configuration classes for test class [com.xp.glasses.GlassesApplicationTests]: GlassesApplicationTests does not declare any static, non-private, non-final, nested classes annotated with @Configuration.
2020-02-28 11:29:48.756  INFO   --- [main] org.springframework.boot.test.context.SpringBootTestContextBootstrapper : Found @SpringBootConfiguration com.xp.glasses.GlassesApplication for test class com.xp.glasses.GlassesApplicationTests
2020-02-28 11:29:48.828  INFO   --- [main] org.springframework.boot.test.context.SpringBootTestContextBootstrapper : Loaded default TestExecutionListener class names from location [META-INF/spring.factories]: [org.springframework.boot.test.mock.mockito.MockitoTestExecutionListener, org.springframework.boot.test.mock.mockito.ResetMocksTestExecutionListener, org.springframework.boot.test.autoconfigure.restdocs.RestDocsTestExecutionListener, org.springframework.boot.test.autoconfigure.web.client.MockRestServiceServerResetTestExecutionListener, org.springframework.boot.test.autoconfigure.web.servlet.MockMvcPrintOnlyOnFailureTestExecutionListener, org.springframework.boot.test.autoconfigure.web.servlet.WebDriverTestExecutionListener, org.springframework.test.context.web.ServletTestExecutionListener, org.springframework.test.context.support.DirtiesContextBeforeModesTestExecutionListener, org.springframework.test.context.support.DependencyInjectionTestExecutionListener, org.springframework.test.context.support.DirtiesContextTestExecutionListener, org.springframework.test.context.transaction.TransactionalTestExecutionListener, org.springframework.test.context.jdbc.SqlScriptsTestExecutionListener, org.springframework.test.context.event.EventPublishingTestExecutionListener]
2020-02-28 11:29:48.862  INFO   --- [main] org.springframework.boot.test.context.SpringBootTestContextBootstrapper : Using TestExecutionListeners: [org.springframework.test.context.web.ServletTestExecutionListener@609bcfb6, org.springframework.test.context.support.DirtiesContextBeforeModesTestExecutionListener@7d94beb9, org.springframework.boot.test.mock.mockito.MockitoTestExecutionListener@560348e6, org.springframework.boot.test.autoconfigure.SpringBootDependencyInjectionTestExecutionListener@1df8b5b8, org.springframework.test.context.support.DirtiesContextTestExecutionListener@23202fce, org.springframework.test.context.transaction.TransactionalTestExecutionListener@7b993c65, org.springframework.test.context.jdbc.SqlScriptsTestExecutionListener@37911f88, org.springframework.test.context.event.EventPublishingTestExecutionListener@6f1c29b7, org.springframework.boot.test.mock.mockito.ResetMocksTestExecutionListener@4d6025c5, org.springframework.boot.test.autoconfigure.restdocs.RestDocsTestExecutionListener@7f284218, org.springframework.boot.test.autoconfigure.web.client.MockRestServiceServerResetTestExecutionListener@407a7f2a, org.springframework.boot.test.autoconfigure.web.servlet.MockMvcPrintOnlyOnFailureTestExecutionListener@4ea5b703, org.springframework.boot.test.autoconfigure.web.servlet.WebDriverTestExecutionListener@2a7ed1f]
2020-02-28 11:29:49.303  INFO 5408 --- [main] com.xp.glasses.GlassesApplicationTests : Starting GlassesApplicationTests on MrXiong with PID 5408 (started by Mrxiong in D:\IdeaProject\glasses)
2020-02-28 11:29:49.304  INFO 5408 --- [main] com.xp.glasses.GlassesApplicationTests : The following profiles are active: dev
2020-02-28 11:29:51.800  INFO 5408 --- [main] org.springframework.scheduling.concurrent.ThreadPoolTaskExecutor : Initializing ExecutorService 'applicationTaskExecutor'
2020-02-28 11:29:51.959  INFO 5408 --- [main] org.springframework.boot.autoconfigure.web.servlet.WelcomePageHandlerMapping : Adding welcome page template: index
2020-02-28 11:29:52.233  INFO 5408 --- [main] com.xp.glasses.GlassesApplicationTests : Started GlassesApplicationTests in 3.317 seconds (JVM running for 4.547)
2020-02-28 11:29:52.618  INFO 5408 --- [SpringContextShutdownHook] org.springframework.scheduling.concurrent.ThreadPoolTaskExecutor : Shutting down ExecutorService 'applicationTaskExecutor'
2020-02-28 11:29:52.620  INFO 5408 --- [SpringContextShutdownHook] com.alibaba.druid.pool.DruidDataSource : {dataSource-0} closing ...
2020-02-28 11:42:21.154  INFO   --- [main] org.springframework.boot.test.context.SpringBootTestContextBootstrapper : Neither @ContextConfiguration nor @ContextHierarchy found for test class [com.xp.glasses.GlassesApplicationTests], using SpringBootContextLoader
2020-02-28 11:42:21.160  INFO   --- [main] org.springframework.test.context.support.AbstractContextLoader : Could not detect default resource locations for test class [com.xp.glasses.GlassesApplicationTests]: no resource found for suffixes {-context.xml, Context.groovy}.
2020-02-28 11:42:21.160  INFO   --- [main] org.springframework.test.context.support.AnnotationConfigContextLoaderUtils : Could not detect default configuration classes for test class [com.xp.glasses.GlassesApplicationTests]: GlassesApplicationTests does not declare any static, non-private, non-final, nested classes annotated with @Configuration.
2020-02-28 11:42:21.244  INFO   --- [main] org.springframework.boot.test.context.SpringBootTestContextBootstrapper : Found @SpringBootConfiguration com.xp.glasses.GlassesApplication for test class com.xp.glasses.GlassesApplicationTests
2020-02-28 11:42:21.318  INFO   --- [main] org.springframework.boot.test.context.SpringBootTestContextBootstrapper : Loaded default TestExecutionListener class names from location [META-INF/spring.factories]: [org.springframework.boot.test.mock.mockito.MockitoTestExecutionListener, org.springframework.boot.test.mock.mockito.ResetMocksTestExecutionListener, org.springframework.boot.test.autoconfigure.restdocs.RestDocsTestExecutionListener, org.springframework.boot.test.autoconfigure.web.client.MockRestServiceServerResetTestExecutionListener, org.springframework.boot.test.autoconfigure.web.servlet.MockMvcPrintOnlyOnFailureTestExecutionListener, org.springframework.boot.test.autoconfigure.web.servlet.WebDriverTestExecutionListener, org.springframework.test.context.web.ServletTestExecutionListener, org.springframework.test.context.support.DirtiesContextBeforeModesTestExecutionListener, org.springframework.test.context.support.DependencyInjectionTestExecutionListener, org.springframework.test.context.support.DirtiesContextTestExecutionListener, org.springframework.test.context.transaction.TransactionalTestExecutionListener, org.springframework.test.context.jdbc.SqlScriptsTestExecutionListener, org.springframework.test.context.event.EventPublishingTestExecutionListener]
2020-02-28 11:42:21.331  INFO   --- [main] org.springframework.boot.test.context.SpringBootTestContextBootstrapper : Using TestExecutionListeners: [org.springframework.test.context.web.ServletTestExecutionListener@609bcfb6, org.springframework.test.context.support.DirtiesContextBeforeModesTestExecutionListener@7d94beb9, org.springframework.boot.test.mock.mockito.MockitoTestExecutionListener@560348e6, org.springframework.boot.test.autoconfigure.SpringBootDependencyInjectionTestExecutionListener@1df8b5b8, org.springframework.test.context.support.DirtiesContextTestExecutionListener@23202fce, org.springframework.test.context.transaction.TransactionalTestExecutionListener@7b993c65, org.springframework.test.context.jdbc.SqlScriptsTestExecutionListener@37911f88, org.springframework.test.context.event.EventPublishingTestExecutionListener@6f1c29b7, org.springframework.boot.test.mock.mockito.ResetMocksTestExecutionListener@4d6025c5, org.springframework.boot.test.autoconfigure.restdocs.RestDocsTestExecutionListener@7f284218, org.springframework.boot.test.autoconfigure.web.client.MockRestServiceServerResetTestExecutionListener@407a7f2a, org.springframework.boot.test.autoconfigure.web.servlet.MockMvcPrintOnlyOnFailureTestExecutionListener@4ea5b703, org.springframework.boot.test.autoconfigure.web.servlet.WebDriverTestExecutionListener@2a7ed1f]
2020-02-28 11:42:21.633  INFO 22184 --- [main] com.xp.glasses.GlassesApplicationTests : Starting GlassesApplicationTests on MrXiong with PID 22184 (started by Mrxiong in D:\IdeaProject\glasses)
2020-02-28 11:42:21.633  INFO 22184 --- [main] com.xp.glasses.GlassesApplicationTests : The following profiles are active: dev
2020-02-28 11:42:23.640  INFO 22184 --- [main] org.springframework.scheduling.concurrent.ThreadPoolTaskExecutor : Initializing ExecutorService 'applicationTaskExecutor'
2020-02-28 11:42:23.741  INFO 22184 --- [main] org.springframework.boot.autoconfigure.web.servlet.WelcomePageHandlerMapping : Adding welcome page template: index
2020-02-28 11:42:24.038  INFO 22184 --- [main] com.xp.glasses.GlassesApplicationTests : Started GlassesApplicationTests in 2.668 seconds (JVM running for 3.559)
2020-02-28 11:42:24.289  INFO 22184 --- [SpringContextShutdownHook] org.springframework.scheduling.concurrent.ThreadPoolTaskExecutor : Shutting down ExecutorService 'applicationTaskExecutor'
2020-02-28 11:42:24.291  INFO 22184 --- [SpringContextShutdownHook] com.alibaba.druid.pool.DruidDataSource : {dataSource-0} closing ...
2020-02-28 13:35:01.390  INFO 10256 --- [restartedMain] com.xp.glasses.GlassesApplication : Starting GlassesApplication on MrXiong with PID 10256 (D:\IdeaProject\glasses\target\classes started by Mrxiong in D:\IdeaProject\glasses)
2020-02-28 13:35:01.406  INFO 10256 --- [restartedMain] com.xp.glasses.GlassesApplication : The following profiles are active: local
2020-02-28 13:35:01.484  INFO 10256 --- [restartedMain] org.springframework.boot.devtools.env.DevToolsPropertyDefaultsPostProcessor : Devtools property defaults active! Set 'spring.devtools.add-properties' to 'false' to disable
2020-02-28 13:35:01.485  INFO 10256 --- [restartedMain] org.springframework.boot.devtools.env.DevToolsPropertyDefaultsPostProcessor : For additional web related logging consider setting the 'logging.level.web' property to 'DEBUG'
2020-02-28 13:35:03.420  INFO 10256 --- [restartedMain] org.springframework.boot.web.embedded.tomcat.TomcatWebServer : Tomcat initialized with port(s): 8443 (https) 9090 (http)
2020-02-28 13:35:03.440  INFO 10256 --- [restartedMain] org.apache.catalina.core.StandardService : Starting service [Tomcat]
2020-02-28 13:35:03.440  INFO 10256 --- [restartedMain] org.apache.catalina.core.StandardEngine : Starting Servlet engine: [Apache Tomcat/9.0.30]
2020-02-28 13:35:03.568  INFO 10256 --- [restartedMain] org.apache.catalina.core.ContainerBase.[Tomcat].[localhost].[/] : Initializing Spring embedded WebApplicationContext
2020-02-28 13:35:03.568  INFO 10256 --- [restartedMain] org.springframework.web.context.ContextLoader : Root WebApplicationContext: initialization completed in 2083 ms
2020-02-28 13:35:04.701  INFO 10256 --- [restartedMain] org.springframework.scheduling.concurrent.ThreadPoolTaskExecutor : Initializing ExecutorService 'applicationTaskExecutor'
2020-02-28 13:35:04.767  INFO 10256 --- [restartedMain] org.springframework.boot.autoconfigure.web.servlet.WelcomePageHandlerMapping : Adding welcome page template: index
2020-02-28 13:35:05.259  INFO 10256 --- [restartedMain] org.springframework.boot.devtools.autoconfigure.OptionalLiveReloadServer : LiveReload server is running on port 35729
2020-02-28 13:35:06.154  INFO 10256 --- [restartedMain] org.springframework.boot.web.embedded.tomcat.TomcatWebServer : Tomcat started on port(s): 8443 (https) 9090 (http) with context path ''
2020-02-28 13:35:06.155  INFO 10256 --- [restartedMain] com.xp.glasses.config.ServerConfig : 图片文件目录创建是否成功：true
2020-02-28 13:35:06.158  INFO 10256 --- [restartedMain] com.xp.glasses.GlassesApplication : Started GlassesApplication in 5.233 seconds (JVM running for 7.201)
2020-02-28 13:35:25.971  INFO 10256 --- [https-jsse-nio-8443-exec-3] org.apache.catalina.core.ContainerBase.[Tomcat].[localhost].[/] : Initializing Spring DispatcherServlet 'dispatcherServlet'
2020-02-28 13:35:25.972  INFO 10256 --- [https-jsse-nio-8443-exec-3] org.springframework.web.servlet.DispatcherServlet : Initializing Servlet 'dispatcherServlet'
2020-02-28 13:35:25.979  INFO 10256 --- [https-jsse-nio-8443-exec-3] org.springframework.web.servlet.DispatcherServlet : Completed initialization in 7 ms
2020-02-28 13:35:29.918  INFO 10256 --- [https-jsse-nio-8443-exec-5] com.alibaba.druid.pool.DruidDataSource : {dataSource-1} inited
2020-02-28 14:41:20.909  INFO   --- [main] org.springframework.boot.test.context.SpringBootTestContextBootstrapper : Neither @ContextConfiguration nor @ContextHierarchy found for test class [com.xp.glasses.GlassesApplicationTests], using SpringBootContextLoader
2020-02-28 14:41:20.915  INFO   --- [main] org.springframework.test.context.support.AbstractContextLoader : Could not detect default resource locations for test class [com.xp.glasses.GlassesApplicationTests]: no resource found for suffixes {-context.xml, Context.groovy}.
2020-02-28 14:41:20.916  INFO   --- [main] org.springframework.test.context.support.AnnotationConfigContextLoaderUtils : Could not detect default configuration classes for test class [com.xp.glasses.GlassesApplicationTests]: GlassesApplicationTests does not declare any static, non-private, non-final, nested classes annotated with @Configuration.
2020-02-28 14:41:20.999  INFO   --- [main] org.springframework.boot.test.context.SpringBootTestContextBootstrapper : Found @SpringBootConfiguration com.xp.glasses.GlassesApplication for test class com.xp.glasses.GlassesApplicationTests
2020-02-28 14:41:21.074  INFO   --- [main] org.springframework.boot.test.context.SpringBootTestContextBootstrapper : Loaded default TestExecutionListener class names from location [META-INF/spring.factories]: [org.springframework.boot.test.mock.mockito.MockitoTestExecutionListener, org.springframework.boot.test.mock.mockito.ResetMocksTestExecutionListener, org.springframework.boot.test.autoconfigure.restdocs.RestDocsTestExecutionListener, org.springframework.boot.test.autoconfigure.web.client.MockRestServiceServerResetTestExecutionListener, org.springframework.boot.test.autoconfigure.web.servlet.MockMvcPrintOnlyOnFailureTestExecutionListener, org.springframework.boot.test.autoconfigure.web.servlet.WebDriverTestExecutionListener, org.springframework.test.context.web.ServletTestExecutionListener, org.springframework.test.context.support.DirtiesContextBeforeModesTestExecutionListener, org.springframework.test.context.support.DependencyInjectionTestExecutionListener, org.springframework.test.context.support.DirtiesContextTestExecutionListener, org.springframework.test.context.transaction.TransactionalTestExecutionListener, org.springframework.test.context.jdbc.SqlScriptsTestExecutionListener, org.springframework.test.context.event.EventPublishingTestExecutionListener]
2020-02-28 14:41:21.087  INFO   --- [main] org.springframework.boot.test.context.SpringBootTestContextBootstrapper : Using TestExecutionListeners: [org.springframework.test.context.web.ServletTestExecutionListener@609bcfb6, org.springframework.test.context.support.DirtiesContextBeforeModesTestExecutionListener@7d94beb9, org.springframework.boot.test.mock.mockito.MockitoTestExecutionListener@560348e6, org.springframework.boot.test.autoconfigure.SpringBootDependencyInjectionTestExecutionListener@1df8b5b8, org.springframework.test.context.support.DirtiesContextTestExecutionListener@23202fce, org.springframework.test.context.transaction.TransactionalTestExecutionListener@7b993c65, org.springframework.test.context.jdbc.SqlScriptsTestExecutionListener@37911f88, org.springframework.test.context.event.EventPublishingTestExecutionListener@6f1c29b7, org.springframework.boot.test.mock.mockito.ResetMocksTestExecutionListener@4d6025c5, org.springframework.boot.test.autoconfigure.restdocs.RestDocsTestExecutionListener@7f284218, org.springframework.boot.test.autoconfigure.web.client.MockRestServiceServerResetTestExecutionListener@407a7f2a, org.springframework.boot.test.autoconfigure.web.servlet.MockMvcPrintOnlyOnFailureTestExecutionListener@4ea5b703, org.springframework.boot.test.autoconfigure.web.servlet.WebDriverTestExecutionListener@2a7ed1f]
2020-02-28 14:41:21.392  INFO 12816 --- [main] com.xp.glasses.GlassesApplicationTests : Starting GlassesApplicationTests on MrXiong with PID 12816 (started by Mrxiong in D:\IdeaProject\glasses)
2020-02-28 14:41:21.393  INFO 12816 --- [main] com.xp.glasses.GlassesApplicationTests : The following profiles are active: dev
2020-02-28 14:41:23.370  INFO 12816 --- [main] org.springframework.scheduling.concurrent.ThreadPoolTaskExecutor : Initializing ExecutorService 'applicationTaskExecutor'
2020-02-28 14:41:23.465  INFO 12816 --- [main] org.springframework.boot.autoconfigure.web.servlet.WelcomePageHandlerMapping : Adding welcome page template: index
2020-02-28 14:41:23.749  INFO 12816 --- [main] com.xp.glasses.GlassesApplicationTests : Started GlassesApplicationTests in 2.622 seconds (JVM running for 3.537)
2020-02-28 14:41:23.960  INFO 12816 --- [SpringContextShutdownHook] org.springframework.scheduling.concurrent.ThreadPoolTaskExecutor : Shutting down ExecutorService 'applicationTaskExecutor'
2020-02-28 14:41:23.962  INFO 12816 --- [SpringContextShutdownHook] com.alibaba.druid.pool.DruidDataSource : {dataSource-0} closing ...
2020-02-28 14:59:15.884  INFO 14260 --- [restartedMain] com.xp.glasses.GlassesApplication : Starting GlassesApplication on MrXiong with PID 14260 (D:\IdeaProject\glasses\target\classes started by Mrxiong in D:\IdeaProject\glasses)
2020-02-28 14:59:15.887  INFO 14260 --- [restartedMain] com.xp.glasses.GlassesApplication : The following profiles are active: local
2020-02-28 14:59:15.962  INFO 14260 --- [restartedMain] org.springframework.boot.devtools.env.DevToolsPropertyDefaultsPostProcessor : Devtools property defaults active! Set 'spring.devtools.add-properties' to 'false' to disable
2020-02-28 14:59:15.962  INFO 14260 --- [restartedMain] org.springframework.boot.devtools.env.DevToolsPropertyDefaultsPostProcessor : For additional web related logging consider setting the 'logging.level.web' property to 'DEBUG'
2020-02-28 14:59:17.116  INFO 14260 --- [restartedMain] org.springframework.boot.web.embedded.tomcat.TomcatWebServer : Tomcat initialized with port(s): 8443 (https) 9090 (http)
2020-02-28 14:59:17.132  INFO 14260 --- [restartedMain] org.apache.catalina.core.StandardService : Starting service [Tomcat]
2020-02-28 14:59:17.133  INFO 14260 --- [restartedMain] org.apache.catalina.core.StandardEngine : Starting Servlet engine: [Apache Tomcat/9.0.30]
2020-02-28 14:59:17.241  INFO 14260 --- [restartedMain] org.apache.catalina.core.ContainerBase.[Tomcat].[localhost].[/] : Initializing Spring embedded WebApplicationContext
2020-02-28 14:59:17.241  INFO 14260 --- [restartedMain] org.springframework.web.context.ContextLoader : Root WebApplicationContext: initialization completed in 1279 ms
2020-02-28 14:59:17.783  INFO 14260 --- [restartedMain] org.springframework.scheduling.concurrent.ThreadPoolTaskExecutor : Initializing ExecutorService 'applicationTaskExecutor'
2020-02-28 14:59:17.845  INFO 14260 --- [restartedMain] org.springframework.boot.autoconfigure.web.servlet.WelcomePageHandlerMapping : Adding welcome page template: index
2020-02-28 14:59:18.195  INFO 14260 --- [restartedMain] org.springframework.boot.devtools.autoconfigure.OptionalLiveReloadServer : LiveReload server is running on port 35729
2020-02-28 14:59:18.987  INFO 14260 --- [restartedMain] org.springframework.boot.web.embedded.tomcat.TomcatWebServer : Tomcat started on port(s): 8443 (https) 9090 (http) with context path ''
2020-02-28 14:59:18.988  INFO 14260 --- [restartedMain] com.xp.glasses.config.ServerConfig : 图片文件目录创建是否成功：true
2020-02-28 14:59:18.990  INFO 14260 --- [restartedMain] com.xp.glasses.GlassesApplication : Started GlassesApplication in 3.456 seconds (JVM running for 5.056)
2020-02-28 15:01:18.933  INFO 14260 --- [https-jsse-nio-8443-exec-3] org.apache.catalina.core.ContainerBase.[Tomcat].[localhost].[/] : Initializing Spring DispatcherServlet 'dispatcherServlet'
2020-02-28 15:01:18.934  INFO 14260 --- [https-jsse-nio-8443-exec-3] org.springframework.web.servlet.DispatcherServlet : Initializing Servlet 'dispatcherServlet'
2020-02-28 15:01:18.955  INFO 14260 --- [https-jsse-nio-8443-exec-3] org.springframework.web.servlet.DispatcherServlet : Completed initialization in 21 ms
2020-02-28 15:01:19.247  INFO 14260 --- [https-jsse-nio-8443-exec-3] com.alibaba.druid.pool.DruidDataSource : {dataSource-1} inited
2020-02-28 15:59:57.457  INFO 21400 --- [restartedMain] com.xp.glasses.GlassesApplication : Starting GlassesApplication on MrXiong with PID 21400 (D:\IdeaProject\glasses\target\classes started by Mrxiong in D:\IdeaProject\glasses)
2020-02-28 15:59:57.460  INFO 21400 --- [restartedMain] com.xp.glasses.GlassesApplication : The following profiles are active: local
2020-02-28 15:59:57.532  INFO 21400 --- [restartedMain] org.springframework.boot.devtools.env.DevToolsPropertyDefaultsPostProcessor : Devtools property defaults active! Set 'spring.devtools.add-properties' to 'false' to disable
2020-02-28 15:59:57.532  INFO 21400 --- [restartedMain] org.springframework.boot.devtools.env.DevToolsPropertyDefaultsPostProcessor : For additional web related logging consider setting the 'logging.level.web' property to 'DEBUG'
2020-02-28 15:59:59.428  INFO 21400 --- [restartedMain] org.springframework.boot.web.embedded.tomcat.TomcatWebServer : Tomcat initialized with port(s): 8443 (https) 9090 (http)
2020-02-28 15:59:59.447  INFO 21400 --- [restartedMain] org.apache.catalina.core.StandardService : Starting service [Tomcat]
2020-02-28 15:59:59.447  INFO 21400 --- [restartedMain] org.apache.catalina.core.StandardEngine : Starting Servlet engine: [Apache Tomcat/9.0.30]
2020-02-28 15:59:59.577  INFO 21400 --- [restartedMain] org.apache.catalina.core.ContainerBase.[Tomcat].[localhost].[/] : Initializing Spring embedded WebApplicationContext
2020-02-28 15:59:59.578  INFO 21400 --- [restartedMain] org.springframework.web.context.ContextLoader : Root WebApplicationContext: initialization completed in 2045 ms
2020-02-28 16:00:00.398  INFO 21400 --- [restartedMain] org.springframework.scheduling.concurrent.ThreadPoolTaskExecutor : Initializing ExecutorService 'applicationTaskExecutor'
2020-02-28 16:00:00.620  INFO 21400 --- [restartedMain] org.springframework.boot.autoconfigure.web.servlet.WelcomePageHandlerMapping : Adding welcome page template: index
2020-02-28 16:00:00.985  INFO 21400 --- [restartedMain] org.springframework.boot.devtools.autoconfigure.OptionalLiveReloadServer : LiveReload server is running on port 35729
2020-02-28 16:00:01.793  INFO 21400 --- [restartedMain] org.springframework.boot.web.embedded.tomcat.TomcatWebServer : Tomcat started on port(s): 8443 (https) 9090 (http) with context path ''
2020-02-28 16:00:01.794  INFO 21400 --- [restartedMain] com.xp.glasses.config.ServerConfig : 图片文件目录创建是否成功：true
2020-02-28 16:00:01.818  INFO 21400 --- [restartedMain] com.xp.glasses.GlassesApplication : Started GlassesApplication in 5.205 seconds (JVM running for 6.968)
2020-02-28 16:00:24.245  INFO 21400 --- [https-jsse-nio-8443-exec-10] org.apache.catalina.core.ContainerBase.[Tomcat].[localhost].[/] : Initializing Spring DispatcherServlet 'dispatcherServlet'
2020-02-28 16:00:24.245  INFO 21400 --- [https-jsse-nio-8443-exec-10] org.springframework.web.servlet.DispatcherServlet : Initializing Servlet 'dispatcherServlet'
2020-02-28 16:00:24.251  INFO 21400 --- [https-jsse-nio-8443-exec-10] org.springframework.web.servlet.DispatcherServlet : Completed initialization in 6 ms
2020-02-28 16:00:24.348 ERROR 21400 --- [https-jsse-nio-8443-exec-5] com.xp.glasses.web.GlobalExceptionHandler : 系统错误：Required String parameter 'code' is not present
2020-02-28 16:00:24.455  INFO 21400 --- [https-jsse-nio-8443-exec-10] com.alibaba.druid.pool.DruidDataSource : {dataSource-1} inited
2020-02-28 16:00:24.499  WARN 21400 --- [https-jsse-nio-8443-exec-5] org.springframework.web.servlet.mvc.method.annotation.ExceptionHandlerExceptionResolver : Resolved [org.springframework.web.bind.MissingServletRequestParameterException: Required String parameter 'code' is not present]
2020-02-28 16:24:09.951  INFO 21028 --- [restartedMain] com.xp.glasses.GlassesApplication : Starting GlassesApplication on MrXiong with PID 21028 (D:\IdeaProject\glasses\target\classes started by Mrxiong in D:\IdeaProject\glasses)
2020-02-28 16:24:09.955  INFO 21028 --- [restartedMain] com.xp.glasses.GlassesApplication : The following profiles are active: local
2020-02-28 16:24:10.054  INFO 21028 --- [restartedMain] org.springframework.boot.devtools.env.DevToolsPropertyDefaultsPostProcessor : Devtools property defaults active! Set 'spring.devtools.add-properties' to 'false' to disable
2020-02-28 16:24:10.054  INFO 21028 --- [restartedMain] org.springframework.boot.devtools.env.DevToolsPropertyDefaultsPostProcessor : For additional web related logging consider setting the 'logging.level.web' property to 'DEBUG'
2020-02-28 16:24:11.424  INFO 21028 --- [restartedMain] org.springframework.boot.web.embedded.tomcat.TomcatWebServer : Tomcat initialized with port(s): 8443 (https) 9090 (http)
2020-02-28 16:24:11.445  INFO 21028 --- [restartedMain] org.apache.catalina.core.StandardService : Starting service [Tomcat]
2020-02-28 16:24:11.446  INFO 21028 --- [restartedMain] org.apache.catalina.core.StandardEngine : Starting Servlet engine: [Apache Tomcat/9.0.30]
2020-02-28 16:24:11.575  INFO 21028 --- [restartedMain] org.apache.catalina.core.ContainerBase.[Tomcat].[localhost].[/] : Initializing Spring embedded WebApplicationContext
2020-02-28 16:24:11.575  INFO 21028 --- [restartedMain] org.springframework.web.context.ContextLoader : Root WebApplicationContext: initialization completed in 1521 ms
2020-02-28 16:24:12.196  INFO 21028 --- [restartedMain] org.springframework.scheduling.concurrent.ThreadPoolTaskExecutor : Initializing ExecutorService 'applicationTaskExecutor'
2020-02-28 16:24:12.266  INFO 21028 --- [restartedMain] org.springframework.boot.autoconfigure.web.servlet.WelcomePageHandlerMapping : Adding welcome page template: index
2020-02-28 16:24:12.619  INFO 21028 --- [restartedMain] org.springframework.boot.devtools.autoconfigure.OptionalLiveReloadServer : LiveReload server is running on port 35729
2020-02-28 16:24:13.493  INFO 21028 --- [restartedMain] org.springframework.boot.web.embedded.tomcat.TomcatWebServer : Tomcat started on port(s): 8443 (https) 9090 (http) with context path ''
2020-02-28 16:24:13.494  INFO 21028 --- [restartedMain] com.xp.glasses.config.ServerConfig : 图片文件目录创建是否成功：true
2020-02-28 16:24:13.497  INFO 21028 --- [restartedMain] com.xp.glasses.GlassesApplication : Started GlassesApplication in 4.036 seconds (JVM running for 5.688)
2020-02-28 16:24:28.409  INFO 21028 --- [https-jsse-nio-8443-exec-10] org.apache.catalina.core.ContainerBase.[Tomcat].[localhost].[/] : Initializing Spring DispatcherServlet 'dispatcherServlet'
2020-02-28 16:24:28.409  INFO 21028 --- [https-jsse-nio-8443-exec-10] org.springframework.web.servlet.DispatcherServlet : Initializing Servlet 'dispatcherServlet'
2020-02-28 16:24:28.414  INFO 21028 --- [https-jsse-nio-8443-exec-10] org.springframework.web.servlet.DispatcherServlet : Completed initialization in 5 ms
2020-02-28 16:24:28.469  INFO 21028 --- [https-jsse-nio-8443-exec-1] com.alibaba.druid.pool.DruidDataSource : {dataSource-1} inited
2020-02-28 18:07:13.484  INFO 14952 --- [restartedMain] com.xp.glasses.GlassesApplication : Starting GlassesApplication on MrXiong with PID 14952 (D:\IdeaProject\glasses\target\classes started by Mrxiong in D:\IdeaProject\glasses)
2020-02-28 18:07:13.486  INFO 14952 --- [restartedMain] com.xp.glasses.GlassesApplication : The following profiles are active: local
2020-02-28 18:07:13.569  INFO 14952 --- [restartedMain] org.springframework.boot.devtools.env.DevToolsPropertyDefaultsPostProcessor : Devtools property defaults active! Set 'spring.devtools.add-properties' to 'false' to disable
2020-02-28 18:07:13.570  INFO 14952 --- [restartedMain] org.springframework.boot.devtools.env.DevToolsPropertyDefaultsPostProcessor : For additional web related logging consider setting the 'logging.level.web' property to 'DEBUG'
2020-02-28 18:07:15.126  INFO 14952 --- [restartedMain] org.springframework.boot.web.embedded.tomcat.TomcatWebServer : Tomcat initialized with port(s): 8443 (https) 9090 (http)
2020-02-28 18:07:15.144  INFO 14952 --- [restartedMain] org.apache.catalina.core.StandardService : Starting service [Tomcat]
2020-02-28 18:07:15.145  INFO 14952 --- [restartedMain] org.apache.catalina.core.StandardEngine : Starting Servlet engine: [Apache Tomcat/9.0.30]
2020-02-28 18:07:15.269  INFO 14952 --- [restartedMain] org.apache.catalina.core.ContainerBase.[Tomcat].[localhost].[/] : Initializing Spring embedded WebApplicationContext
2020-02-28 18:07:15.269  INFO 14952 --- [restartedMain] org.springframework.web.context.ContextLoader : Root WebApplicationContext: initialization completed in 1699 ms
2020-02-28 18:07:15.914  INFO 14952 --- [restartedMain] org.springframework.scheduling.concurrent.ThreadPoolTaskExecutor : Initializing ExecutorService 'applicationTaskExecutor'
2020-02-28 18:07:15.983  INFO 14952 --- [restartedMain] org.springframework.boot.autoconfigure.web.servlet.WelcomePageHandlerMapping : Adding welcome page template: index
2020-02-28 18:07:16.354  INFO 14952 --- [restartedMain] org.springframework.boot.devtools.autoconfigure.OptionalLiveReloadServer : LiveReload server is running on port 35729
2020-02-28 18:07:17.168  INFO 14952 --- [restartedMain] org.springframework.boot.web.embedded.tomcat.TomcatWebServer : Tomcat started on port(s): 8443 (https) 9090 (http) with context path ''
2020-02-28 18:07:17.169  INFO 14952 --- [restartedMain] com.xp.glasses.config.ServerConfig : 图片文件目录创建是否成功：true
2020-02-28 18:07:17.172  INFO 14952 --- [restartedMain] com.xp.glasses.GlassesApplication : Started GlassesApplication in 4.106 seconds (JVM running for 5.707)
2020-02-28 18:07:27.123  INFO 14952 --- [https-jsse-nio-8443-exec-1] org.apache.catalina.core.ContainerBase.[Tomcat].[localhost].[/] : Initializing Spring DispatcherServlet 'dispatcherServlet'
2020-02-28 18:07:27.123  INFO 14952 --- [https-jsse-nio-8443-exec-1] org.springframework.web.servlet.DispatcherServlet : Initializing Servlet 'dispatcherServlet'
2020-02-28 18:07:27.134  INFO 14952 --- [https-jsse-nio-8443-exec-1] org.springframework.web.servlet.DispatcherServlet : Completed initialization in 11 ms
2020-02-28 18:07:27.388  INFO 14952 --- [https-jsse-nio-8443-exec-2] com.alibaba.druid.pool.DruidDataSource : {dataSource-1} inited
2020-02-28 18:08:52.339  INFO 5188 --- [restartedMain] com.xp.glasses.GlassesApplication : Starting GlassesApplication on MrXiong with PID 5188 (D:\IdeaProject\glasses\target\classes started by Mrxiong in D:\IdeaProject\glasses)
2020-02-28 18:08:52.342  INFO 5188 --- [restartedMain] com.xp.glasses.GlassesApplication : The following profiles are active: local
2020-02-28 18:08:52.419  INFO 5188 --- [restartedMain] org.springframework.boot.devtools.env.DevToolsPropertyDefaultsPostProcessor : Devtools property defaults active! Set 'spring.devtools.add-properties' to 'false' to disable
2020-02-28 18:08:52.420  INFO 5188 --- [restartedMain] org.springframework.boot.devtools.env.DevToolsPropertyDefaultsPostProcessor : For additional web related logging consider setting the 'logging.level.web' property to 'DEBUG'
2020-02-28 18:08:53.706  INFO 5188 --- [restartedMain] org.springframework.boot.web.embedded.tomcat.TomcatWebServer : Tomcat initialized with port(s): 8443 (https) 9090 (http)
2020-02-28 18:08:53.726  INFO 5188 --- [restartedMain] org.apache.catalina.core.StandardService : Starting service [Tomcat]
2020-02-28 18:08:53.726  INFO 5188 --- [restartedMain] org.apache.catalina.core.StandardEngine : Starting Servlet engine: [Apache Tomcat/9.0.30]
2020-02-28 18:08:53.846  INFO 5188 --- [restartedMain] org.apache.catalina.core.ContainerBase.[Tomcat].[localhost].[/] : Initializing Spring embedded WebApplicationContext
2020-02-28 18:08:53.846  INFO 5188 --- [restartedMain] org.springframework.web.context.ContextLoader : Root WebApplicationContext: initialization completed in 1426 ms
2020-02-28 18:08:54.419  INFO 5188 --- [restartedMain] org.springframework.scheduling.concurrent.ThreadPoolTaskExecutor : Initializing ExecutorService 'applicationTaskExecutor'
2020-02-28 18:08:54.487  INFO 5188 --- [restartedMain] org.springframework.boot.autoconfigure.web.servlet.WelcomePageHandlerMapping : Adding welcome page template: index
2020-02-28 18:08:54.854  INFO 5188 --- [restartedMain] org.springframework.boot.devtools.autoconfigure.OptionalLiveReloadServer : LiveReload server is running on port 35729
2020-02-28 18:08:55.639  INFO 5188 --- [restartedMain] org.springframework.boot.web.embedded.tomcat.TomcatWebServer : Tomcat started on port(s): 8443 (https) 9090 (http) with context path ''
2020-02-28 18:08:55.640  INFO 5188 --- [restartedMain] com.xp.glasses.config.ServerConfig : 图片文件目录创建是否成功：true
2020-02-28 18:08:55.643  INFO 5188 --- [restartedMain] com.xp.glasses.GlassesApplication : Started GlassesApplication in 3.705 seconds (JVM running for 5.193)
2020-02-28 18:09:18.088  INFO 5188 --- [https-jsse-nio-8443-exec-9] org.apache.catalina.core.ContainerBase.[Tomcat].[localhost].[/] : Initializing Spring DispatcherServlet 'dispatcherServlet'
2020-02-28 18:09:18.088  INFO 5188 --- [https-jsse-nio-8443-exec-9] org.springframework.web.servlet.DispatcherServlet : Initializing Servlet 'dispatcherServlet'
2020-02-28 18:09:18.099  INFO 5188 --- [https-jsse-nio-8443-exec-9] org.springframework.web.servlet.DispatcherServlet : Completed initialization in 11 ms
2020-02-28 18:09:18.160  INFO 5188 --- [https-jsse-nio-8443-exec-9] com.alibaba.druid.pool.DruidDataSource : {dataSource-1} inited
2020-02-28 18:12:07.698  INFO 872 --- [restartedMain] com.xp.glasses.GlassesApplication : Starting GlassesApplication on MrXiong with PID 872 (D:\IdeaProject\glasses\target\classes started by Mrxiong in D:\IdeaProject\glasses)
2020-02-28 18:12:07.700  INFO 872 --- [restartedMain] com.xp.glasses.GlassesApplication : The following profiles are active: local
2020-02-28 18:12:07.799  INFO 872 --- [restartedMain] org.springframework.boot.devtools.env.DevToolsPropertyDefaultsPostProcessor : Devtools property defaults active! Set 'spring.devtools.add-properties' to 'false' to disable
2020-02-28 18:12:07.799  INFO 872 --- [restartedMain] org.springframework.boot.devtools.env.DevToolsPropertyDefaultsPostProcessor : For additional web related logging consider setting the 'logging.level.web' property to 'DEBUG'
2020-02-28 18:12:08.991  INFO 872 --- [restartedMain] org.springframework.boot.web.embedded.tomcat.TomcatWebServer : Tomcat initialized with port(s): 8443 (https) 9090 (http)
2020-02-28 18:12:09.007  INFO 872 --- [restartedMain] org.apache.catalina.core.StandardService : Starting service [Tomcat]
2020-02-28 18:12:09.007  INFO 872 --- [restartedMain] org.apache.catalina.core.StandardEngine : Starting Servlet engine: [Apache Tomcat/9.0.30]
2020-02-28 18:12:09.134  INFO 872 --- [restartedMain] org.apache.catalina.core.ContainerBase.[Tomcat].[localhost].[/] : Initializing Spring embedded WebApplicationContext
2020-02-28 18:12:09.134  INFO 872 --- [restartedMain] org.springframework.web.context.ContextLoader : Root WebApplicationContext: initialization completed in 1335 ms
2020-02-28 18:12:09.751  INFO 872 --- [restartedMain] org.springframework.scheduling.concurrent.ThreadPoolTaskExecutor : Initializing ExecutorService 'applicationTaskExecutor'
2020-02-28 18:12:09.813  INFO 872 --- [restartedMain] org.springframework.boot.autoconfigure.web.servlet.WelcomePageHandlerMapping : Adding welcome page template: index
2020-02-28 18:12:10.166  INFO 872 --- [restartedMain] org.springframework.boot.devtools.autoconfigure.OptionalLiveReloadServer : LiveReload server is running on port 35729
2020-02-28 18:12:10.992  INFO 872 --- [restartedMain] org.springframework.boot.web.embedded.tomcat.TomcatWebServer : Tomcat started on port(s): 8443 (https) 9090 (http) with context path ''
2020-02-28 18:12:10.992  INFO 872 --- [restartedMain] com.xp.glasses.config.ServerConfig : 图片文件目录创建是否成功：true
2020-02-28 18:12:10.995  INFO 872 --- [restartedMain] com.xp.glasses.GlassesApplication : Started GlassesApplication in 3.767 seconds (JVM running for 5.264)
2020-02-28 18:12:23.915  INFO 872 --- [https-jsse-nio-8443-exec-4] org.apache.catalina.core.ContainerBase.[Tomcat].[localhost].[/] : Initializing Spring DispatcherServlet 'dispatcherServlet'
2020-02-28 18:12:23.915  INFO 872 --- [https-jsse-nio-8443-exec-4] org.springframework.web.servlet.DispatcherServlet : Initializing Servlet 'dispatcherServlet'
2020-02-28 18:12:23.924  INFO 872 --- [https-jsse-nio-8443-exec-4] org.springframework.web.servlet.DispatcherServlet : Completed initialization in 9 ms
2020-02-28 18:15:38.153  INFO 18588 --- [restartedMain] com.xp.glasses.GlassesApplication : Starting GlassesApplication on MrXiong with PID 18588 (D:\IdeaProject\glasses\target\classes started by Mrxiong in D:\IdeaProject\glasses)
2020-02-28 18:15:38.155  INFO 18588 --- [restartedMain] com.xp.glasses.GlassesApplication : The following profiles are active: local
2020-02-28 18:15:38.217  INFO 18588 --- [restartedMain] org.springframework.boot.devtools.env.DevToolsPropertyDefaultsPostProcessor : Devtools property defaults active! Set 'spring.devtools.add-properties' to 'false' to disable
2020-02-28 18:15:38.217  INFO 18588 --- [restartedMain] org.springframework.boot.devtools.env.DevToolsPropertyDefaultsPostProcessor : For additional web related logging consider setting the 'logging.level.web' property to 'DEBUG'
2020-02-28 18:15:39.364  INFO 18588 --- [restartedMain] org.springframework.boot.web.embedded.tomcat.TomcatWebServer : Tomcat initialized with port(s): 8443 (https) 9090 (http)
2020-02-28 18:15:39.381  INFO 18588 --- [restartedMain] org.apache.catalina.core.StandardService : Starting service [Tomcat]
2020-02-28 18:15:39.381  INFO 18588 --- [restartedMain] org.apache.catalina.core.StandardEngine : Starting Servlet engine: [Apache Tomcat/9.0.30]
2020-02-28 18:15:39.647  INFO 18588 --- [restartedMain] org.apache.catalina.core.ContainerBase.[Tomcat].[localhost].[/] : Initializing Spring embedded WebApplicationContext
2020-02-28 18:15:39.648  INFO 18588 --- [restartedMain] org.springframework.web.context.ContextLoader : Root WebApplicationContext: initialization completed in 1431 ms
2020-02-28 18:15:40.198  INFO 18588 --- [restartedMain] org.springframework.scheduling.concurrent.ThreadPoolTaskExecutor : Initializing ExecutorService 'applicationTaskExecutor'
2020-02-28 18:15:40.260  INFO 18588 --- [restartedMain] org.springframework.boot.autoconfigure.web.servlet.WelcomePageHandlerMapping : Adding welcome page template: index
2020-02-28 18:15:40.603  INFO 18588 --- [restartedMain] org.springframework.boot.devtools.autoconfigure.OptionalLiveReloadServer : LiveReload server is running on port 35729
2020-02-28 18:15:41.365  INFO 18588 --- [restartedMain] org.springframework.boot.web.embedded.tomcat.TomcatWebServer : Tomcat started on port(s): 8443 (https) 9090 (http) with context path ''
2020-02-28 18:15:41.365  INFO 18588 --- [restartedMain] com.xp.glasses.config.ServerConfig : 图片文件目录创建是否成功：true
2020-02-28 18:15:41.368  INFO 18588 --- [restartedMain] com.xp.glasses.GlassesApplication : Started GlassesApplication in 3.584 seconds (JVM running for 4.931)
2020-02-28 18:15:47.051  INFO 18588 --- [https-jsse-nio-8443-exec-2] org.apache.catalina.core.ContainerBase.[Tomcat].[localhost].[/] : Initializing Spring DispatcherServlet 'dispatcherServlet'
2020-02-28 18:15:47.051  INFO 18588 --- [https-jsse-nio-8443-exec-2] org.springframework.web.servlet.DispatcherServlet : Initializing Servlet 'dispatcherServlet'
2020-02-28 18:15:47.057  INFO 18588 --- [https-jsse-nio-8443-exec-2] org.springframework.web.servlet.DispatcherServlet : Completed initialization in 6 ms
2020-02-28 19:19:53.625  INFO 13524 --- [restartedMain] com.xp.glasses.GlassesApplication : Starting GlassesApplication on MrXiong with PID 13524 (D:\IdeaProject\glasses\target\classes started by Mrxiong in D:\IdeaProject\glasses)
2020-02-28 19:19:53.627  INFO 13524 --- [restartedMain] com.xp.glasses.GlassesApplication : The following profiles are active: local
2020-02-28 19:19:53.683  INFO 13524 --- [restartedMain] org.springframework.boot.devtools.env.DevToolsPropertyDefaultsPostProcessor : Devtools property defaults active! Set 'spring.devtools.add-properties' to 'false' to disable
2020-02-28 19:19:53.683  INFO 13524 --- [restartedMain] org.springframework.boot.devtools.env.DevToolsPropertyDefaultsPostProcessor : For additional web related logging consider setting the 'logging.level.web' property to 'DEBUG'
2020-02-28 19:19:55.884  INFO 13524 --- [restartedMain] org.springframework.boot.web.embedded.tomcat.TomcatWebServer : Tomcat initialized with port(s): 8443 (https) 9090 (http)
2020-02-28 19:19:55.901  INFO 13524 --- [restartedMain] org.apache.catalina.core.StandardService : Starting service [Tomcat]
2020-02-28 19:19:55.901  INFO 13524 --- [restartedMain] org.apache.catalina.core.StandardEngine : Starting Servlet engine: [Apache Tomcat/9.0.30]
2020-02-28 19:19:56.021  INFO 13524 --- [restartedMain] org.apache.catalina.core.ContainerBase.[Tomcat].[localhost].[/] : Initializing Spring embedded WebApplicationContext
2020-02-28 19:19:56.021  INFO 13524 --- [restartedMain] org.springframework.web.context.ContextLoader : Root WebApplicationContext: initialization completed in 2338 ms
2020-02-28 19:19:56.777  INFO 13524 --- [restartedMain] org.springframework.scheduling.concurrent.ThreadPoolTaskExecutor : Initializing ExecutorService 'applicationTaskExecutor'
2020-02-28 19:19:56.841  INFO 13524 --- [restartedMain] org.springframework.boot.autoconfigure.web.servlet.WelcomePageHandlerMapping : Adding welcome page template: index
2020-02-28 19:19:57.204  INFO 13524 --- [restartedMain] org.springframework.boot.devtools.autoconfigure.OptionalLiveReloadServer : LiveReload server is running on port 35729
2020-02-28 19:19:58.153  INFO 13524 --- [restartedMain] org.springframework.boot.web.embedded.tomcat.TomcatWebServer : Tomcat started on port(s): 8443 (https) 9090 (http) with context path ''
2020-02-28 19:19:58.154  INFO 13524 --- [restartedMain] com.xp.glasses.config.ServerConfig : 图片文件目录创建是否成功：true
2020-02-28 19:19:58.157  INFO 13524 --- [restartedMain] com.xp.glasses.GlassesApplication : Started GlassesApplication in 5.051 seconds (JVM running for 6.751)
2020-02-28 19:20:07.818  INFO 13524 --- [https-jsse-nio-8443-exec-9] org.apache.catalina.core.ContainerBase.[Tomcat].[localhost].[/] : Initializing Spring DispatcherServlet 'dispatcherServlet'
2020-02-28 19:20:07.818  INFO 13524 --- [https-jsse-nio-8443-exec-9] org.springframework.web.servlet.DispatcherServlet : Initializing Servlet 'dispatcherServlet'
2020-02-28 19:20:07.829  INFO 13524 --- [https-jsse-nio-8443-exec-9] org.springframework.web.servlet.DispatcherServlet : Completed initialization in 11 ms
2020-02-28 19:20:09.117  INFO 13524 --- [https-jsse-nio-8443-exec-9] com.alibaba.druid.pool.DruidDataSource : {dataSource-1} inited
2020-02-28 19:20:09.318 ERROR 13524 --- [https-jsse-nio-8443-exec-9] com.xp.glasses.web.GlobalExceptionHandler : 系统错误：nested exception is org.apache.ibatis.reflection.ReflectionException: There is no getter for property named 'username' in 'class com.xp.glasses.entity.User'
2020-02-28 19:20:09.396  WARN 13524 --- [https-jsse-nio-8443-exec-9] org.springframework.web.servlet.mvc.method.annotation.ExceptionHandlerExceptionResolver : Resolved [org.mybatis.spring.MyBatisSystemException: nested exception is org.apache.ibatis.reflection.ReflectionException: There is no getter for property named 'username' in 'class com.xp.glasses.entity.User']
2020-02-28 19:20:45.446  INFO 7740 --- [restartedMain] com.xp.glasses.GlassesApplication : Starting GlassesApplication on MrXiong with PID 7740 (D:\IdeaProject\glasses\target\classes started by Mrxiong in D:\IdeaProject\glasses)
2020-02-28 19:20:45.450  INFO 7740 --- [restartedMain] com.xp.glasses.GlassesApplication : The following profiles are active: local
2020-02-28 19:20:45.512  INFO 7740 --- [restartedMain] org.springframework.boot.devtools.env.DevToolsPropertyDefaultsPostProcessor : Devtools property defaults active! Set 'spring.devtools.add-properties' to 'false' to disable
2020-02-28 19:20:45.512  INFO 7740 --- [restartedMain] org.springframework.boot.devtools.env.DevToolsPropertyDefaultsPostProcessor : For additional web related logging consider setting the 'logging.level.web' property to 'DEBUG'
2020-02-28 19:20:46.684  INFO 7740 --- [restartedMain] org.springframework.boot.web.embedded.tomcat.TomcatWebServer : Tomcat initialized with port(s): 8443 (https) 9090 (http)
2020-02-28 19:20:46.702  INFO 7740 --- [restartedMain] org.apache.catalina.core.StandardService : Starting service [Tomcat]
2020-02-28 19:20:46.703  INFO 7740 --- [restartedMain] org.apache.catalina.core.StandardEngine : Starting Servlet engine: [Apache Tomcat/9.0.30]
2020-02-28 19:20:46.816  INFO 7740 --- [restartedMain] org.apache.catalina.core.ContainerBase.[Tomcat].[localhost].[/] : Initializing Spring embedded WebApplicationContext
2020-02-28 19:20:46.817  INFO 7740 --- [restartedMain] org.springframework.web.context.ContextLoader : Root WebApplicationContext: initialization completed in 1304 ms
2020-02-28 19:20:47.399  INFO 7740 --- [restartedMain] org.springframework.scheduling.concurrent.ThreadPoolTaskExecutor : Initializing ExecutorService 'applicationTaskExecutor'
2020-02-28 19:20:47.465  INFO 7740 --- [restartedMain] org.springframework.boot.autoconfigure.web.servlet.WelcomePageHandlerMapping : Adding welcome page template: index
2020-02-28 19:20:47.821  INFO 7740 --- [restartedMain] org.springframework.boot.devtools.autoconfigure.OptionalLiveReloadServer : LiveReload server is running on port 35729
2020-02-28 19:20:48.590  INFO 7740 --- [restartedMain] org.springframework.boot.web.embedded.tomcat.TomcatWebServer : Tomcat started on port(s): 8443 (https) 9090 (http) with context path ''
2020-02-28 19:20:48.591  INFO 7740 --- [restartedMain] com.xp.glasses.config.ServerConfig : 图片文件目录创建是否成功：true
2020-02-28 19:20:48.594  INFO 7740 --- [restartedMain] com.xp.glasses.GlassesApplication : Started GlassesApplication in 3.505 seconds (JVM running for 4.986)
2020-02-28 19:20:55.452  INFO 7740 --- [https-jsse-nio-8443-exec-4] org.apache.catalina.core.ContainerBase.[Tomcat].[localhost].[/] : Initializing Spring DispatcherServlet 'dispatcherServlet'
2020-02-28 19:20:55.452  INFO 7740 --- [https-jsse-nio-8443-exec-4] org.springframework.web.servlet.DispatcherServlet : Initializing Servlet 'dispatcherServlet'
2020-02-28 19:20:55.457  INFO 7740 --- [https-jsse-nio-8443-exec-4] org.springframework.web.servlet.DispatcherServlet : Completed initialization in 5 ms
2020-02-28 19:20:56.264  INFO 7740 --- [https-jsse-nio-8443-exec-4] com.alibaba.druid.pool.DruidDataSource : {dataSource-1} inited
2020-02-28 19:20:56.402 ERROR 7740 --- [https-jsse-nio-8443-exec-4] com.xp.glasses.web.GlobalExceptionHandler : 系统错误：nested exception is org.apache.ibatis.reflection.ReflectionException: There is no getter for property named 'createtime' in 'class com.xp.glasses.entity.User'
2020-02-28 19:20:56.449  WARN 7740 --- [https-jsse-nio-8443-exec-4] org.springframework.web.servlet.mvc.method.annotation.ExceptionHandlerExceptionResolver : Resolved [org.mybatis.spring.MyBatisSystemException: nested exception is org.apache.ibatis.reflection.ReflectionException: There is no getter for property named 'createtime' in 'class com.xp.glasses.entity.User']
2020-02-28 19:21:18.126  INFO 7312 --- [restartedMain] com.xp.glasses.GlassesApplication : Starting GlassesApplication on MrXiong with PID 7312 (D:\IdeaProject\glasses\target\classes started by Mrxiong in D:\IdeaProject\glasses)
2020-02-28 19:21:18.128  INFO 7312 --- [restartedMain] com.xp.glasses.GlassesApplication : The following profiles are active: local
2020-02-28 19:21:18.188  INFO 7312 --- [restartedMain] org.springframework.boot.devtools.env.DevToolsPropertyDefaultsPostProcessor : Devtools property defaults active! Set 'spring.devtools.add-properties' to 'false' to disable
2020-02-28 19:21:18.188  INFO 7312 --- [restartedMain] org.springframework.boot.devtools.env.DevToolsPropertyDefaultsPostProcessor : For additional web related logging consider setting the 'logging.level.web' property to 'DEBUG'
2020-02-28 19:21:19.335  INFO 7312 --- [restartedMain] org.springframework.boot.web.embedded.tomcat.TomcatWebServer : Tomcat initialized with port(s): 8443 (https) 9090 (http)
2020-02-28 19:21:19.352  INFO 7312 --- [restartedMain] org.apache.catalina.core.StandardService : Starting service [Tomcat]
2020-02-28 19:21:19.352  INFO 7312 --- [restartedMain] org.apache.catalina.core.StandardEngine : Starting Servlet engine: [Apache Tomcat/9.0.30]
2020-02-28 19:21:19.465  INFO 7312 --- [restartedMain] org.apache.catalina.core.ContainerBase.[Tomcat].[localhost].[/] : Initializing Spring embedded WebApplicationContext
2020-02-28 19:21:19.465  INFO 7312 --- [restartedMain] org.springframework.web.context.ContextLoader : Root WebApplicationContext: initialization completed in 1277 ms
2020-02-28 19:21:20.019  INFO 7312 --- [restartedMain] org.springframework.scheduling.concurrent.ThreadPoolTaskExecutor : Initializing ExecutorService 'applicationTaskExecutor'
2020-02-28 19:21:20.082  INFO 7312 --- [restartedMain] org.springframework.boot.autoconfigure.web.servlet.WelcomePageHandlerMapping : Adding welcome page template: index
2020-02-28 19:21:20.430  INFO 7312 --- [restartedMain] org.springframework.boot.devtools.autoconfigure.OptionalLiveReloadServer : LiveReload server is running on port 35729
2020-02-28 19:21:21.215  INFO 7312 --- [restartedMain] org.springframework.boot.web.embedded.tomcat.TomcatWebServer : Tomcat started on port(s): 8443 (https) 9090 (http) with context path ''
2020-02-28 19:21:21.216  INFO 7312 --- [restartedMain] com.xp.glasses.config.ServerConfig : 图片文件目录创建是否成功：true
2020-02-28 19:21:21.219  INFO 7312 --- [restartedMain] com.xp.glasses.GlassesApplication : Started GlassesApplication in 3.462 seconds (JVM running for 4.874)
2020-02-28 19:21:33.741  INFO 7312 --- [https-jsse-nio-8443-exec-4] org.apache.catalina.core.ContainerBase.[Tomcat].[localhost].[/] : Initializing Spring DispatcherServlet 'dispatcherServlet'
2020-02-28 19:21:33.742  INFO 7312 --- [https-jsse-nio-8443-exec-4] org.springframework.web.servlet.DispatcherServlet : Initializing Servlet 'dispatcherServlet'
2020-02-28 19:21:33.748  INFO 7312 --- [https-jsse-nio-8443-exec-4] org.springframework.web.servlet.DispatcherServlet : Completed initialization in 6 ms
2020-02-28 19:21:34.562  INFO 7312 --- [https-jsse-nio-8443-exec-4] com.alibaba.druid.pool.DruidDataSource : {dataSource-1} inited
2020-02-28 19:23:41.598  INFO 12292 --- [restartedMain] com.xp.glasses.GlassesApplication : Starting GlassesApplication on MrXiong with PID 12292 (D:\IdeaProject\glasses\target\classes started by Mrxiong in D:\IdeaProject\glasses)
2020-02-28 19:23:41.601  INFO 12292 --- [restartedMain] com.xp.glasses.GlassesApplication : The following profiles are active: local
2020-02-28 19:23:41.668  INFO 12292 --- [restartedMain] org.springframework.boot.devtools.env.DevToolsPropertyDefaultsPostProcessor : Devtools property defaults active! Set 'spring.devtools.add-properties' to 'false' to disable
2020-02-28 19:23:41.668  INFO 12292 --- [restartedMain] org.springframework.boot.devtools.env.DevToolsPropertyDefaultsPostProcessor : For additional web related logging consider setting the 'logging.level.web' property to 'DEBUG'
2020-02-28 19:23:42.876  INFO 12292 --- [restartedMain] org.springframework.boot.web.embedded.tomcat.TomcatWebServer : Tomcat initialized with port(s): 8443 (https) 9090 (http)
2020-02-28 19:23:42.895  INFO 12292 --- [restartedMain] org.apache.catalina.core.StandardService : Starting service [Tomcat]
2020-02-28 19:23:42.896  INFO 12292 --- [restartedMain] org.apache.catalina.core.StandardEngine : Starting Servlet engine: [Apache Tomcat/9.0.30]
2020-02-28 19:23:43.008  INFO 12292 --- [restartedMain] org.apache.catalina.core.ContainerBase.[Tomcat].[localhost].[/] : Initializing Spring embedded WebApplicationContext
2020-02-28 19:23:43.009  INFO 12292 --- [restartedMain] org.springframework.web.context.ContextLoader : Root WebApplicationContext: initialization completed in 1340 ms
2020-02-28 19:23:43.594  INFO 12292 --- [restartedMain] org.springframework.scheduling.concurrent.ThreadPoolTaskExecutor : Initializing ExecutorService 'applicationTaskExecutor'
2020-02-28 19:23:43.656  INFO 12292 --- [restartedMain] org.springframework.boot.autoconfigure.web.servlet.WelcomePageHandlerMapping : Adding welcome page template: index
2020-02-28 19:23:44.004  INFO 12292 --- [restartedMain] org.springframework.boot.devtools.autoconfigure.OptionalLiveReloadServer : LiveReload server is running on port 35729
2020-02-28 19:23:44.787  INFO 12292 --- [restartedMain] org.springframework.boot.web.embedded.tomcat.TomcatWebServer : Tomcat started on port(s): 8443 (https) 9090 (http) with context path ''
2020-02-28 19:23:44.788  INFO 12292 --- [restartedMain] com.xp.glasses.config.ServerConfig : 图片文件目录创建是否成功：true
2020-02-28 19:23:44.791  INFO 12292 --- [restartedMain] com.xp.glasses.GlassesApplication : Started GlassesApplication in 3.598 seconds (JVM running for 5.319)
2020-02-28 19:23:53.315  INFO 12292 --- [https-jsse-nio-8443-exec-10] org.apache.catalina.core.ContainerBase.[Tomcat].[localhost].[/] : Initializing Spring DispatcherServlet 'dispatcherServlet'
2020-02-28 19:23:53.316  INFO 12292 --- [https-jsse-nio-8443-exec-10] org.springframework.web.servlet.DispatcherServlet : Initializing Servlet 'dispatcherServlet'
2020-02-28 19:23:53.321  INFO 12292 --- [https-jsse-nio-8443-exec-10] org.springframework.web.servlet.DispatcherServlet : Completed initialization in 5 ms
2020-02-28 19:24:30.437  INFO 12292 --- [https-jsse-nio-8443-exec-10] com.alibaba.druid.pool.DruidDataSource : {dataSource-1} inited
